#! /c/Source/iverilog-install/bin/vvp
:ivl_version "12.0 (devel)" "(s20150603-1539-g2693dd32b)";
:ivl_delay_selection "TYPICAL";
:vpi_time_precision - 12;
:vpi_module "C:\iverilog\lib\ivl\system.vpi";
:vpi_module "C:\iverilog\lib\ivl\vhdl_sys.vpi";
:vpi_module "C:\iverilog\lib\ivl\vhdl_textio.vpi";
:vpi_module "C:\iverilog\lib\ivl\v2005_math.vpi";
:vpi_module "C:\iverilog\lib\ivl\va_math.vpi";
S_0000024018017a70 .scope module, "tb_disaster_all" "tb_disaster_all" 2 2;
 .timescale -9 -12;
v00000240180c7b70_0 .var/i "curr_active", 31 0;
v00000240180c7df0_0 .net "cyclone_led_b", 0 0, v0000024018006870_0;  1 drivers
v00000240180c61d0_0 .net "cyclone_led_d", 0 0, L_000002401808d7a0;  1 drivers
v00000240180c7d50_0 .net "cyclone_led_g", 0 0, L_000002401800db40;  1 drivers
v00000240180c7fd0_0 .net "earthquake_led_b", 0 0, v0000024018006a50_0;  1 drivers
v00000240180c6270_0 .net "earthquake_led_d", 0 0, L_000002401808db20;  1 drivers
v00000240180c6310_0 .net "earthquake_led_g", 0 0, L_000002401800e010;  1 drivers
v00000240180c64f0_0 .net "flood_led_b", 0 0, v0000024018007630_0;  1 drivers
v00000240180c6590_0 .net "flood_led_d", 0 0, L_000002401808db90;  1 drivers
v00000240180c66d0_0 .net "flood_led_g", 0 0, L_000002401800e780;  1 drivers
v00000240180c69f0_0 .var/i "i", 31 0;
v00000240180c6c70_0 .var "l0", 0 0;
v00000240180c6d10_0 .var "l1", 0 0;
v00000240180c8f00_0 .var/i "m", 31 0;
v00000240180c9e00_0 .var/i "max_active", 31 0;
v00000240180c9d60_0 .var "max_active_vector", 7 0;
v00000240180c8820_0 .var "mode", 0 0;
v00000240180c9040_0 .var "outstr", 2048 1;
v00000240180c8780_0 .var "r0", 0 0;
v00000240180c88c0_0 .var "r1", 0 0;
v00000240180c8e60_0 .var "s0", 0 0;
v00000240180c9540_0 .var "s1", 0 0;
v00000240180c8fa0_0 .var/i "sno", 31 0;
v00000240180c9860_0 .net "tsunami_led_b", 0 0, v0000024018007270_0;  1 drivers
v00000240180c95e0_0 .net "tsunami_led_d", 0 0, L_000002401808dc00;  1 drivers
v00000240180c9f40_0 .net "tsunami_led_g", 0 0, L_000002401800e860;  1 drivers
v00000240180c9ea0_0 .var "w0", 0 0;
v00000240180c90e0_0 .var "w1", 0 0;
S_00000240180175c0 .scope module, "U_BEH" "disaster_behavioral" 2 12, 3 1 0, S_0000024018017a70;
 .timescale 0 0;
    .port_info 0 /INPUT 1 "r1";
    .port_info 1 /INPUT 1 "r0";
    .port_info 2 /INPUT 1 "s1";
    .port_info 3 /INPUT 1 "s0";
    .port_info 4 /INPUT 1 "w1";
    .port_info 5 /INPUT 1 "w0";
    .port_info 6 /INPUT 1 "l1";
    .port_info 7 /INPUT 1 "l0";
    .port_info 8 /INPUT 1 "mode";
    .port_info 9 /OUTPUT 1 "flood_led";
    .port_info 10 /OUTPUT 1 "cyclone_led";
    .port_info 11 /OUTPUT 1 "earthquake_led";
    .port_info 12 /OUTPUT 1 "tsunami_led";
v00000240180065f0_0 .var "Dc", 0 0;
v0000024018007a90_0 .var "De", 0 0;
v0000024018006cd0_0 .var "Df", 0 0;
v00000240180071d0_0 .var "Dt", 0 0;
v0000024018006730_0 .var "code", 1 0;
v0000024018007f90_0 .var "cyclone", 0 0;
v0000024018006870_0 .var "cyclone_led", 0 0;
v0000024018008030_0 .var "earthquake", 0 0;
v0000024018006a50_0 .var "earthquake_led", 0 0;
v0000024018007310_0 .var "flood", 0 0;
v0000024018007630_0 .var "flood_led", 0 0;
v0000024018006af0_0 .net "l0", 0 0, v00000240180c6c70_0;  1 drivers
v0000024018007b30_0 .net "l1", 0 0, v00000240180c6d10_0;  1 drivers
v0000024018007c70_0 .net "mode", 0 0, v00000240180c8820_0;  1 drivers
v0000024018007d10_0 .net "r0", 0 0, v00000240180c8780_0;  1 drivers
v00000240180076d0_0 .net "r1", 0 0, v00000240180c88c0_0;  1 drivers
v0000024018006eb0_0 .net "s0", 0 0, v00000240180c8e60_0;  1 drivers
v00000240180080d0_0 .net "s1", 0 0, v00000240180c9540_0;  1 drivers
v0000024018006f50_0 .var "tsunami", 0 0;
v0000024018007270_0 .var "tsunami_led", 0 0;
v00000240180073b0_0 .net "w0", 0 0, v00000240180c9ea0_0;  1 drivers
v0000024018007810_0 .net "w1", 0 0, v00000240180c90e0_0;  1 drivers
E_0000024018037670/0 .event anyedge, v00000240180076d0_0, v0000024018007810_0, v0000024018007b30_0, v0000024018007d10_0;
E_0000024018037670/1 .event anyedge, v00000240180073b0_0, v00000240180080d0_0, v0000024018006eb0_0, v0000024018006f50_0;
E_0000024018037670/2 .event anyedge, v0000024018008030_0, v0000024018007f90_0, v0000024018007310_0, v0000024018006730_0;
E_0000024018037670/3 .event anyedge, v0000024018007c70_0, v0000024018006cd0_0, v00000240180065f0_0, v0000024018007a90_0;
E_0000024018037670/4 .event anyedge, v00000240180071d0_0;
E_0000024018037670 .event/or E_0000024018037670/0, E_0000024018037670/1, E_0000024018037670/2, E_0000024018037670/3, E_0000024018037670/4;
S_0000024018017c00 .scope module, "U_DATA" "disaster_dataflow" 2 10, 4 1 0, S_0000024018017a70;
 .timescale 0 0;
    .port_info 0 /INPUT 1 "r1";
    .port_info 1 /INPUT 1 "r0";
    .port_info 2 /INPUT 1 "s1";
    .port_info 3 /INPUT 1 "s0";
    .port_info 4 /INPUT 1 "w1";
    .port_info 5 /INPUT 1 "w0";
    .port_info 6 /INPUT 1 "l1";
    .port_info 7 /INPUT 1 "l0";
    .port_info 8 /INPUT 1 "mode";
    .port_info 9 /OUTPUT 1 "flood_led";
    .port_info 10 /OUTPUT 1 "cyclone_led";
    .port_info 11 /OUTPUT 1 "earthquake_led";
    .port_info 12 /OUTPUT 1 "tsunami_led";
L_0000024017fcf950 .functor OR 1, v00000240180c90e0_0, v00000240180c6d10_0, C4<0>, C4<0>;
L_0000024017fe31c0 .functor OR 1, L_0000024017fcf950, v00000240180c8780_0, C4<0>, C4<0>;
L_000002401808d420 .functor AND 1, v00000240180c88c0_0, L_0000024017fe31c0, C4<1>, C4<1>;
L_000002401808d6c0 .functor OR 1, v00000240180c9ea0_0, v00000240180c6d10_0, C4<0>, C4<0>;
L_000002401808d960 .functor OR 1, L_000002401808d6c0, v00000240180c88c0_0, C4<0>, C4<0>;
L_000002401808d9d0 .functor AND 1, v00000240180c90e0_0, L_000002401808d960, C4<1>, C4<1>;
L_000002401808d1f0 .functor OR 1, v00000240180c9540_0, v00000240180c8e60_0, C4<0>, C4<0>;
L_000002401808dea0 .functor AND 1, v00000240180c9540_0, v00000240180c6d10_0, C4<1>, C4<1>;
L_000002401808d880 .functor NOT 1, v00000240180c8820_0, C4<0>, C4<0>, C4<0>;
L_000002401808dff0 .functor AND 1, L_000002401808d880, L_00000240180c9fe0, C4<1>, C4<1>;
L_000002401808da40 .functor AND 1, v00000240180c8820_0, L_000002401808d420, C4<1>, C4<1>;
L_000002401808db90 .functor OR 1, L_000002401808dff0, L_000002401808da40, C4<0>, C4<0>;
L_000002401808d180 .functor NOT 1, v00000240180c8820_0, C4<0>, C4<0>, C4<0>;
L_000002401808dab0 .functor AND 1, L_000002401808d180, L_00000240180c9400, C4<1>, C4<1>;
L_000002401808d730 .functor AND 1, v00000240180c8820_0, L_000002401808d9d0, C4<1>, C4<1>;
L_000002401808d7a0 .functor OR 1, L_000002401808dab0, L_000002401808d730, C4<0>, C4<0>;
L_000002401808d490 .functor NOT 1, v00000240180c8820_0, C4<0>, C4<0>, C4<0>;
L_000002401808d8f0 .functor AND 1, L_000002401808d490, L_00000240180c9680, C4<1>, C4<1>;
L_000002401808d2d0 .functor AND 1, v00000240180c8820_0, L_000002401808d1f0, C4<1>, C4<1>;
L_000002401808db20 .functor OR 1, L_000002401808d8f0, L_000002401808d2d0, C4<0>, C4<0>;
L_000002401808d500 .functor NOT 1, v00000240180c8820_0, C4<0>, C4<0>, C4<0>;
L_000002401808d260 .functor AND 1, L_000002401808d500, L_00000240180c81e0, C4<1>, C4<1>;
L_000002401808d570 .functor AND 1, v00000240180c8820_0, L_000002401808dea0, C4<1>, C4<1>;
L_000002401808dc00 .functor OR 1, L_000002401808d260, L_000002401808d570, C4<0>, C4<0>;
v0000024018007450_0 .net "Dc", 0 0, L_00000240180c9400;  1 drivers
v0000024018007770_0 .net "De", 0 0, L_00000240180c9680;  1 drivers
v00000240180c5480_0 .net "Df", 0 0, L_00000240180c9fe0;  1 drivers
v00000240180c5840_0 .net "Dt", 0 0, L_00000240180c81e0;  1 drivers
v00000240180c5b60_0 .net *"_ivl_0", 0 0, L_0000024017fcf950;  1 drivers
L_00000240180cc118 .functor BUFT 1, C4<00>, C4<0>, C4<0>, C4<0>;
v00000240180c55c0_0 .net/2u *"_ivl_16", 1 0, L_00000240180cc118;  1 drivers
L_00000240180cc160 .functor BUFT 1, C4<01>, C4<0>, C4<0>, C4<0>;
v00000240180c5520_0 .net/2u *"_ivl_18", 1 0, L_00000240180cc160;  1 drivers
v00000240180c4f80_0 .net *"_ivl_2", 0 0, L_0000024017fe31c0;  1 drivers
L_00000240180cc1a8 .functor BUFT 1, C4<10>, C4<0>, C4<0>, C4<0>;
v00000240180c5e80_0 .net/2u *"_ivl_20", 1 0, L_00000240180cc1a8;  1 drivers
L_00000240180cc1f0 .functor BUFT 1, C4<11>, C4<0>, C4<0>, C4<0>;
v00000240180c5c00_0 .net/2u *"_ivl_22", 1 0, L_00000240180cc1f0;  1 drivers
L_00000240180cc238 .functor BUFT 1, C4<00>, C4<0>, C4<0>, C4<0>;
v00000240180c5660_0 .net/2u *"_ivl_24", 1 0, L_00000240180cc238;  1 drivers
v00000240180c4440_0 .net *"_ivl_26", 1 0, L_00000240180c8460;  1 drivers
v00000240180c5700_0 .net *"_ivl_28", 1 0, L_00000240180c8140;  1 drivers
v00000240180c44e0_0 .net *"_ivl_30", 1 0, L_00000240180c8aa0;  1 drivers
L_00000240180cc280 .functor BUFT 1, C4<00>, C4<0>, C4<0>, C4<0>;
v00000240180c48a0_0 .net/2u *"_ivl_34", 1 0, L_00000240180cc280;  1 drivers
L_00000240180cc2c8 .functor BUFT 1, C4<01>, C4<0>, C4<0>, C4<0>;
v00000240180c50c0_0 .net/2u *"_ivl_38", 1 0, L_00000240180cc2c8;  1 drivers
L_00000240180cc310 .functor BUFT 1, C4<10>, C4<0>, C4<0>, C4<0>;
v00000240180c5fc0_0 .net/2u *"_ivl_42", 1 0, L_00000240180cc310;  1 drivers
L_00000240180cc358 .functor BUFT 1, C4<11>, C4<0>, C4<0>, C4<0>;
v00000240180c4120_0 .net/2u *"_ivl_46", 1 0, L_00000240180cc358;  1 drivers
v00000240180c41c0_0 .net *"_ivl_50", 0 0, L_000002401808d880;  1 drivers
v00000240180c57a0_0 .net *"_ivl_52", 0 0, L_000002401808dff0;  1 drivers
v00000240180c58e0_0 .net *"_ivl_54", 0 0, L_000002401808da40;  1 drivers
v00000240180c5ca0_0 .net *"_ivl_58", 0 0, L_000002401808d180;  1 drivers
v00000240180c5980_0 .net *"_ivl_6", 0 0, L_000002401808d6c0;  1 drivers
v00000240180c5d40_0 .net *"_ivl_60", 0 0, L_000002401808dab0;  1 drivers
v00000240180c4a80_0 .net *"_ivl_62", 0 0, L_000002401808d730;  1 drivers
v00000240180c4c60_0 .net *"_ivl_66", 0 0, L_000002401808d490;  1 drivers
v00000240180c4260_0 .net *"_ivl_68", 0 0, L_000002401808d8f0;  1 drivers
v00000240180c5200_0 .net *"_ivl_70", 0 0, L_000002401808d2d0;  1 drivers
v00000240180c4300_0 .net *"_ivl_74", 0 0, L_000002401808d500;  1 drivers
v00000240180c5a20_0 .net *"_ivl_76", 0 0, L_000002401808d260;  1 drivers
v00000240180c4760_0 .net *"_ivl_78", 0 0, L_000002401808d570;  1 drivers
v00000240180c52a0_0 .net *"_ivl_8", 0 0, L_000002401808d960;  1 drivers
v00000240180c43a0_0 .net "code", 1 0, L_00000240180c9180;  1 drivers
v00000240180c5340_0 .net "cyclone", 0 0, L_000002401808d9d0;  1 drivers
v00000240180c4d00_0 .net "cyclone_led", 0 0, L_000002401808d7a0;  alias, 1 drivers
v00000240180c5de0_0 .net "earthquake", 0 0, L_000002401808d1f0;  1 drivers
v00000240180c4bc0_0 .net "earthquake_led", 0 0, L_000002401808db20;  alias, 1 drivers
v00000240180c4da0_0 .net "flood", 0 0, L_000002401808d420;  1 drivers
v00000240180c5160_0 .net "flood_led", 0 0, L_000002401808db90;  alias, 1 drivers
v00000240180c4e40_0 .net "l0", 0 0, v00000240180c6c70_0;  alias, 1 drivers
v00000240180c4ee0_0 .net "l1", 0 0, v00000240180c6d10_0;  alias, 1 drivers
v00000240180c4940_0 .net "mode", 0 0, v00000240180c8820_0;  alias, 1 drivers
v00000240180c5f20_0 .net "r0", 0 0, v00000240180c8780_0;  alias, 1 drivers
v00000240180c5ac0_0 .net "r1", 0 0, v00000240180c88c0_0;  alias, 1 drivers
v00000240180c4580_0 .net "s0", 0 0, v00000240180c8e60_0;  alias, 1 drivers
v00000240180c4620_0 .net "s1", 0 0, v00000240180c9540_0;  alias, 1 drivers
v00000240180c53e0_0 .net "tsunami", 0 0, L_000002401808dea0;  1 drivers
v00000240180c46c0_0 .net "tsunami_led", 0 0, L_000002401808dc00;  alias, 1 drivers
v00000240180c4800_0 .net "w0", 0 0, v00000240180c9ea0_0;  alias, 1 drivers
v00000240180c49e0_0 .net "w1", 0 0, v00000240180c90e0_0;  alias, 1 drivers
L_00000240180c8460 .functor MUXZ 2, L_00000240180cc238, L_00000240180cc1f0, L_000002401808dea0, C4<>;
L_00000240180c8140 .functor MUXZ 2, L_00000240180c8460, L_00000240180cc1a8, L_000002401808d1f0, C4<>;
L_00000240180c8aa0 .functor MUXZ 2, L_00000240180c8140, L_00000240180cc160, L_000002401808d9d0, C4<>;
L_00000240180c9180 .functor MUXZ 2, L_00000240180c8aa0, L_00000240180cc118, L_000002401808d420, C4<>;
L_00000240180c9fe0 .cmp/eq 2, L_00000240180c9180, L_00000240180cc280;
L_00000240180c9400 .cmp/eq 2, L_00000240180c9180, L_00000240180cc2c8;
L_00000240180c9680 .cmp/eq 2, L_00000240180c9180, L_00000240180cc310;
L_00000240180c81e0 .cmp/eq 2, L_00000240180c9180, L_00000240180cc358;
S_0000024018018240 .scope module, "U_GATE" "disaster_gate" 2 8, 5 1 0, S_0000024018017a70;
 .timescale 0 0;
    .port_info 0 /INPUT 1 "r1";
    .port_info 1 /INPUT 1 "r0";
    .port_info 2 /INPUT 1 "s1";
    .port_info 3 /INPUT 1 "s0";
    .port_info 4 /INPUT 1 "w1";
    .port_info 5 /INPUT 1 "w0";
    .port_info 6 /INPUT 1 "l1";
    .port_info 7 /INPUT 1 "l0";
    .port_info 8 /INPUT 1 "mode";
    .port_info 9 /OUTPUT 1 "flood_led";
    .port_info 10 /OUTPUT 1 "cyclone_led";
    .port_info 11 /OUTPUT 1 "earthquake_led";
    .port_info 12 /OUTPUT 1 "tsunami_led";
L_000002401800e5c0 .functor OR 1, v00000240180c9540_0, v00000240180c8e60_0, C4<0>, C4<0>;
L_000002401800e080 .functor AND 1, v00000240180c9540_0, v00000240180c8e60_0, C4<1>, C4<1>;
L_000002401800e240 .functor OR 1, L_000002401800e080, v00000240180c6d10_0, C4<0>, C4<0>;
L_000002401800e400 .functor OR 1, v00000240180c90e0_0, v00000240180c6d10_0, v00000240180c8780_0, C4<0>;
L_000002401800e160 .functor AND 1, v00000240180c88c0_0, L_000002401800e400, C4<1>, C4<1>;
L_000002401800e0f0 .functor OR 1, v00000240180c9ea0_0, v00000240180c6d10_0, v00000240180c88c0_0, C4<0>;
L_000002401800dde0 .functor AND 1, v00000240180c90e0_0, L_000002401800e0f0, C4<1>, C4<1>;
L_000002401800e1d0 .functor NOT 1, L_000002401800e5c0, C4<0>, C4<0>, C4<0>;
L_000002401800e470 .functor AND 1, L_000002401800dde0, L_000002401800e1d0, C4<1>, C4<1>;
L_000002401800da60 .functor OR 1, L_000002401800e240, L_000002401800e5c0, C4<0>, C4<0>;
L_000002401800e2b0 .functor OR 1, L_000002401800e240, L_000002401800e470, C4<0>, C4<0>;
L_000002401800e630 .functor NOT 1, L_000002401800da60, C4<0>, C4<0>, C4<0>;
L_000002401800df30 .functor NOT 1, L_000002401800e2b0, C4<0>, C4<0>, C4<0>;
L_000002401800e4e0 .functor AND 1, L_000002401800e630, L_000002401800df30, C4<1>, C4<1>;
L_000002401800dc20 .functor AND 1, L_000002401800e630, L_000002401800e2b0, C4<1>, C4<1>;
L_000002401800e6a0 .functor AND 1, L_000002401800da60, L_000002401800df30, C4<1>, C4<1>;
L_000002401800dd70 .functor AND 1, L_000002401800da60, L_000002401800e2b0, C4<1>, C4<1>;
L_000002401800e710 .functor NOT 1, v00000240180c8820_0, C4<0>, C4<0>, C4<0>;
L_000002401800dbb0 .functor AND 1, L_000002401800e710, L_000002401800e4e0, C4<1>, C4<1>;
L_000002401800e320 .functor AND 1, L_000002401800e710, L_000002401800dc20, C4<1>, C4<1>;
L_000002401800de50 .functor AND 1, L_000002401800e710, L_000002401800e6a0, C4<1>, C4<1>;
L_000002401800d980 .functor AND 1, L_000002401800e710, L_000002401800dd70, C4<1>, C4<1>;
L_000002401800d9f0 .functor AND 1, v00000240180c8820_0, L_000002401800e160, C4<1>, C4<1>;
L_000002401800dad0 .functor AND 1, v00000240180c8820_0, L_000002401800dde0, C4<1>, C4<1>;
L_000002401800dfa0 .functor AND 1, v00000240180c8820_0, L_000002401800e5c0, C4<1>, C4<1>;
L_000002401800e7f0 .functor AND 1, v00000240180c8820_0, L_000002401800e240, C4<1>, C4<1>;
L_000002401800e780 .functor OR 1, L_000002401800dbb0, L_000002401800d9f0, C4<0>, C4<0>;
L_000002401800db40 .functor OR 1, L_000002401800e320, L_000002401800dad0, C4<0>, C4<0>;
L_000002401800e010 .functor OR 1, L_000002401800de50, L_000002401800dfa0, C4<0>, C4<0>;
L_000002401800e860 .functor OR 1, L_000002401800d980, L_000002401800e7f0, C4<0>, C4<0>;
v00000240180c4b20_0 .net "Dc", 0 0, L_000002401800dc20;  1 drivers
v00000240180c5020_0 .net "De", 0 0, L_000002401800e6a0;  1 drivers
v00000240180c7990_0 .net "Df", 0 0, L_000002401800e4e0;  1 drivers
v00000240180c7210_0 .net "Dt", 0 0, L_000002401800dd70;  1 drivers
v00000240180c6ef0_0 .net "code0", 0 0, L_000002401800e2b0;  1 drivers
v00000240180c6b30_0 .net "code1", 0 0, L_000002401800da60;  1 drivers
v00000240180c68b0_0 .net "cyclone", 0 0, L_000002401800dde0;  1 drivers
v00000240180c7c10_0 .net "cyclone_and_not_e", 0 0, L_000002401800e470;  1 drivers
v00000240180c6bd0_0 .net "cyclone_led", 0 0, L_000002401800db40;  alias, 1 drivers
v00000240180c7f30_0 .net "cyclone_or_branch", 0 0, L_000002401800e0f0;  1 drivers
v00000240180c73f0_0 .net "earthquake", 0 0, L_000002401800e5c0;  1 drivers
v00000240180c63b0_0 .net "earthquake_led", 0 0, L_000002401800e010;  alias, 1 drivers
v00000240180c6630_0 .net "flood", 0 0, L_000002401800e160;  1 drivers
v00000240180c6f90_0 .net "flood_led", 0 0, L_000002401800e780;  alias, 1 drivers
v00000240180c6810_0 .net "flood_or_branch", 0 0, L_000002401800e400;  1 drivers
v00000240180c7030_0 .net "l0", 0 0, v00000240180c6c70_0;  alias, 1 drivers
v00000240180c70d0_0 .net "l1", 0 0, v00000240180c6d10_0;  alias, 1 drivers
v00000240180c6e50_0 .net "mc", 0 0, L_000002401800dad0;  1 drivers
v00000240180c7170_0 .net "me", 0 0, L_000002401800dfa0;  1 drivers
v00000240180c75d0_0 .net "mf", 0 0, L_000002401800d9f0;  1 drivers
v00000240180c72b0_0 .net "mode", 0 0, v00000240180c8820_0;  alias, 1 drivers
v00000240180c6130_0 .net "mt", 0 0, L_000002401800e7f0;  1 drivers
v00000240180c6db0_0 .net "n_earthquake", 0 0, L_000002401800e1d0;  1 drivers
v00000240180c7350_0 .net "ncode0", 0 0, L_000002401800df30;  1 drivers
v00000240180c6450_0 .net "ncode1", 0 0, L_000002401800e630;  1 drivers
v00000240180c7e90_0 .net "nm", 0 0, L_000002401800e710;  1 drivers
v00000240180c7490_0 .net "r0", 0 0, v00000240180c8780_0;  alias, 1 drivers
v00000240180c6770_0 .net "r1", 0 0, v00000240180c88c0_0;  alias, 1 drivers
v00000240180c7710_0 .net "s0", 0 0, v00000240180c8e60_0;  alias, 1 drivers
v00000240180c7530_0 .net "s1", 0 0, v00000240180c9540_0;  alias, 1 drivers
v00000240180c7670_0 .net "ts_and", 0 0, L_000002401800e080;  1 drivers
v00000240180c77b0_0 .net "tsunami", 0 0, L_000002401800e240;  1 drivers
v00000240180c7cb0_0 .net "tsunami_led", 0 0, L_000002401800e860;  alias, 1 drivers
v00000240180c7ad0_0 .net "uc", 0 0, L_000002401800e320;  1 drivers
v00000240180c6950_0 .net "ue", 0 0, L_000002401800de50;  1 drivers
v00000240180c7a30_0 .net "uf", 0 0, L_000002401800dbb0;  1 drivers
v00000240180c7850_0 .net "ut", 0 0, L_000002401800d980;  1 drivers
v00000240180c78f0_0 .net "w0", 0 0, v00000240180c9ea0_0;  alias, 1 drivers
v00000240180c6a90_0 .net "w1", 0 0, v00000240180c90e0_0;  alias, 1 drivers
    .scope S_00000240180175c0;
T_0 ;
    %wait E_0000024018037670;
    %load/vec4 v00000240180076d0_0;
    %load/vec4 v0000024018007810_0;
    %load/vec4 v0000024018007b30_0;
    %or;
    %load/vec4 v0000024018007d10_0;
    %or;
    %and;
    %store/vec4 v0000024018007310_0, 0, 1;
    %load/vec4 v0000024018007810_0;
    %load/vec4 v00000240180073b0_0;
    %load/vec4 v0000024018007b30_0;
    %or;
    %load/vec4 v00000240180076d0_0;
    %or;
    %and;
    %store/vec4 v0000024018007f90_0, 0, 1;
    %load/vec4 v00000240180080d0_0;
    %load/vec4 v0000024018006eb0_0;
    %or;
    %store/vec4 v0000024018008030_0, 0, 1;
    %load/vec4 v00000240180080d0_0;
    %load/vec4 v0000024018006eb0_0;
    %and;
    %load/vec4 v0000024018007b30_0;
    %or;
    %store/vec4 v0000024018006f50_0, 0, 1;
    %load/vec4 v0000024018006f50_0;
    %flag_set/vec4 8;
    %jmp/0xz  T_0.0, 8;
    %pushi/vec4 3, 0, 2;
    %store/vec4 v0000024018006730_0, 0, 2;
    %jmp T_0.1;
T_0.0 ;
    %load/vec4 v0000024018008030_0;
    %flag_set/vec4 8;
    %jmp/0xz  T_0.2, 8;
    %pushi/vec4 2, 0, 2;
    %store/vec4 v0000024018006730_0, 0, 2;
    %jmp T_0.3;
T_0.2 ;
    %load/vec4 v0000024018007f90_0;
    %flag_set/vec4 8;
    %jmp/0xz  T_0.4, 8;
    %pushi/vec4 1, 0, 2;
    %store/vec4 v0000024018006730_0, 0, 2;
    %jmp T_0.5;
T_0.4 ;
    %load/vec4 v0000024018007310_0;
    %flag_set/vec4 8;
    %jmp/0xz  T_0.6, 8;
    %pushi/vec4 0, 0, 2;
    %store/vec4 v0000024018006730_0, 0, 2;
    %jmp T_0.7;
T_0.6 ;
    %pushi/vec4 0, 0, 2;
    %store/vec4 v0000024018006730_0, 0, 2;
T_0.7 ;
T_0.5 ;
T_0.3 ;
T_0.1 ;
    %load/vec4 v0000024018006730_0;
    %dup/vec4;
    %pushi/vec4 0, 0, 2;
    %cmp/u;
    %jmp/1 T_0.8, 6;
    %dup/vec4;
    %pushi/vec4 1, 0, 2;
    %cmp/u;
    %jmp/1 T_0.9, 6;
    %dup/vec4;
    %pushi/vec4 2, 0, 2;
    %cmp/u;
    %jmp/1 T_0.10, 6;
    %dup/vec4;
    %pushi/vec4 3, 0, 2;
    %cmp/u;
    %jmp/1 T_0.11, 6;
    %pushi/vec4 0, 0, 4;
    %split/vec4 1;
    %store/vec4 v00000240180071d0_0, 0, 1;
    %split/vec4 1;
    %store/vec4 v0000024018007a90_0, 0, 1;
    %split/vec4 1;
    %store/vec4 v00000240180065f0_0, 0, 1;
    %store/vec4 v0000024018006cd0_0, 0, 1;
    %jmp T_0.13;
T_0.8 ;
    %pushi/vec4 8, 0, 4;
    %split/vec4 1;
    %store/vec4 v00000240180071d0_0, 0, 1;
    %split/vec4 1;
    %store/vec4 v0000024018007a90_0, 0, 1;
    %split/vec4 1;
    %store/vec4 v00000240180065f0_0, 0, 1;
    %store/vec4 v0000024018006cd0_0, 0, 1;
    %jmp T_0.13;
T_0.9 ;
    %pushi/vec4 4, 0, 4;
    %split/vec4 1;
    %store/vec4 v00000240180071d0_0, 0, 1;
    %split/vec4 1;
    %store/vec4 v0000024018007a90_0, 0, 1;
    %split/vec4 1;
    %store/vec4 v00000240180065f0_0, 0, 1;
    %store/vec4 v0000024018006cd0_0, 0, 1;
    %jmp T_0.13;
T_0.10 ;
    %pushi/vec4 2, 0, 4;
    %split/vec4 1;
    %store/vec4 v00000240180071d0_0, 0, 1;
    %split/vec4 1;
    %store/vec4 v0000024018007a90_0, 0, 1;
    %split/vec4 1;
    %store/vec4 v00000240180065f0_0, 0, 1;
    %store/vec4 v0000024018006cd0_0, 0, 1;
    %jmp T_0.13;
T_0.11 ;
    %pushi/vec4 1, 0, 4;
    %split/vec4 1;
    %store/vec4 v00000240180071d0_0, 0, 1;
    %split/vec4 1;
    %store/vec4 v0000024018007a90_0, 0, 1;
    %split/vec4 1;
    %store/vec4 v00000240180065f0_0, 0, 1;
    %store/vec4 v0000024018006cd0_0, 0, 1;
    %jmp T_0.13;
T_0.13 ;
    %pop/vec4 1;
    %load/vec4 v0000024018007c70_0;
    %inv;
    %load/vec4 v0000024018006cd0_0;
    %and;
    %load/vec4 v0000024018007c70_0;
    %load/vec4 v0000024018007310_0;
    %and;
    %or;
    %store/vec4 v0000024018007630_0, 0, 1;
    %load/vec4 v0000024018007c70_0;
    %inv;
    %load/vec4 v00000240180065f0_0;
    %and;
    %load/vec4 v0000024018007c70_0;
    %load/vec4 v0000024018007f90_0;
    %and;
    %or;
    %store/vec4 v0000024018006870_0, 0, 1;
    %load/vec4 v0000024018007c70_0;
    %inv;
    %load/vec4 v0000024018007a90_0;
    %and;
    %load/vec4 v0000024018007c70_0;
    %load/vec4 v0000024018008030_0;
    %and;
    %or;
    %store/vec4 v0000024018006a50_0, 0, 1;
    %load/vec4 v0000024018007c70_0;
    %inv;
    %load/vec4 v00000240180071d0_0;
    %and;
    %load/vec4 v0000024018007c70_0;
    %load/vec4 v0000024018006f50_0;
    %and;
    %or;
    %store/vec4 v0000024018007270_0, 0, 1;
    %jmp T_0;
    .thread T_0, $push;
    .scope S_0000024018017a70;
T_1 ;
    %vpi_call 2 16 "$dumpfile", "disaster.vcd" {0 0 0};
    %vpi_call 2 17 "$dumpvars", 32'sb00000000000000000000000000000000, S_0000024018017a70 {0 0 0};
    %end;
    .thread T_1;
    .scope S_0000024018017a70;
T_2 ;
    %pushi/vec4 0, 0, 32;
    %store/vec4 v00000240180c8fa0_0, 0, 32;
    %pushi/vec4 0, 0, 32;
    %store/vec4 v00000240180c9e00_0, 0, 32;
    %pushi/vec4 255, 0, 8;
    %store/vec4 v00000240180c9d60_0, 0, 8;
    %vpi_call 2 28 "$display", "Sno | Mode | R1R0 | S1S0 | W1W0 | L1L0 | Output (Flood, Cyclone, Earthquake, Tsunami)" {0 0 0};
    %vpi_call 2 29 "$display", "----+------+-------+-------+-------+-------+--------------------------------------------------------------" {0 0 0};
    %pushi/vec4 0, 0, 32;
    %store/vec4 v00000240180c8f00_0, 0, 32;
T_2.0 ;
    %load/vec4 v00000240180c8f00_0;
    %cmpi/s 1, 0, 32;
    %flag_or 5, 4;
    %jmp/0xz T_2.1, 5;
    %load/vec4 v00000240180c8f00_0;
    %pad/s 1;
    %store/vec4 v00000240180c8820_0, 0, 1;
    %pushi/vec4 0, 0, 32;
    %store/vec4 v00000240180c69f0_0, 0, 32;
T_2.2 ;
    %load/vec4 v00000240180c69f0_0;
    %cmpi/s 256, 0, 32;
    %jmp/0xz T_2.3, 5;
    %load/vec4 v00000240180c69f0_0;
    %parti/s 8, 0, 2;
    %split/vec4 1;
    %store/vec4 v00000240180c6c70_0, 0, 1;
    %split/vec4 1;
    %store/vec4 v00000240180c6d10_0, 0, 1;
    %split/vec4 1;
    %store/vec4 v00000240180c9ea0_0, 0, 1;
    %split/vec4 1;
    %store/vec4 v00000240180c90e0_0, 0, 1;
    %split/vec4 1;
    %store/vec4 v00000240180c8e60_0, 0, 1;
    %split/vec4 1;
    %store/vec4 v00000240180c9540_0, 0, 1;
    %split/vec4 1;
    %store/vec4 v00000240180c8780_0, 0, 1;
    %store/vec4 v00000240180c88c0_0, 0, 1;
    %delay 1000, 0;
    %load/vec4 v00000240180c8fa0_0;
    %addi 1, 0, 32;
    %store/vec4 v00000240180c8fa0_0, 0, 32;
    %pushi/vec4 0, 0, 32; draw_string_vec4
    %pushi/vec4 0, 0, 32; draw_string_vec4
    %concat/vec4; draw_string_vec4
    %pushi/vec4 0, 0, 32; draw_string_vec4
    %concat/vec4; draw_string_vec4
    %pushi/vec4 0, 0, 32; draw_string_vec4
    %concat/vec4; draw_string_vec4
    %pushi/vec4 0, 0, 32; draw_string_vec4
    %concat/vec4; draw_string_vec4
    %pushi/vec4 0, 0, 32; draw_string_vec4
    %concat/vec4; draw_string_vec4
    %pushi/vec4 0, 0, 32; draw_string_vec4
    %concat/vec4; draw_string_vec4
    %pushi/vec4 0, 0, 32; draw_string_vec4
    %concat/vec4; draw_string_vec4
    %pushi/vec4 0, 0, 32; draw_string_vec4
    %concat/vec4; draw_string_vec4
    %pushi/vec4 0, 0, 32; draw_string_vec4
    %concat/vec4; draw_string_vec4
    %pushi/vec4 0, 0, 32; draw_string_vec4
    %concat/vec4; draw_string_vec4
    %pushi/vec4 0, 0, 32; draw_string_vec4
    %concat/vec4; draw_string_vec4
    %pushi/vec4 0, 0, 32; draw_string_vec4
    %concat/vec4; draw_string_vec4
    %pushi/vec4 0, 0, 32; draw_string_vec4
    %concat/vec4; draw_string_vec4
    %pushi/vec4 0, 0, 32; draw_string_vec4
    %concat/vec4; draw_string_vec4
    %pushi/vec4 0, 0, 32; draw_string_vec4
    %concat/vec4; draw_string_vec4
    %pushi/vec4 0, 0, 32; draw_string_vec4
    %concat/vec4; draw_string_vec4
    %pushi/vec4 0, 0, 32; draw_string_vec4
    %concat/vec4; draw_string_vec4
    %pushi/vec4 0, 0, 32; draw_string_vec4
    %concat/vec4; draw_string_vec4
    %pushi/vec4 0, 0, 32; draw_string_vec4
    %concat/vec4; draw_string_vec4
    %pushi/vec4 0, 0, 32; draw_string_vec4
    %concat/vec4; draw_string_vec4
    %pushi/vec4 0, 0, 32; draw_string_vec4
    %concat/vec4; draw_string_vec4
    %pushi/vec4 0, 0, 32; draw_string_vec4
    %concat/vec4; draw_string_vec4
    %pushi/vec4 0, 0, 32; draw_string_vec4
    %concat/vec4; draw_string_vec4
    %pushi/vec4 0, 0, 32; draw_string_vec4
    %concat/vec4; draw_string_vec4
    %pushi/vec4 0, 0, 32; draw_string_vec4
    %concat/vec4; draw_string_vec4
    %pushi/vec4 0, 0, 32; draw_string_vec4
    %concat/vec4; draw_string_vec4
    %pushi/vec4 0, 0, 32; draw_string_vec4
    %concat/vec4; draw_string_vec4
    %pushi/vec4 0, 0, 32; draw_string_vec4
    %concat/vec4; draw_string_vec4
    %pushi/vec4 0, 0, 32; draw_string_vec4
    %concat/vec4; draw_string_vec4
    %pushi/vec4 0, 0, 32; draw_string_vec4
    %concat/vec4; draw_string_vec4
    %pushi/vec4 0, 0, 32; draw_string_vec4
    %concat/vec4; draw_string_vec4
    %pushi/vec4 0, 0, 32; draw_string_vec4
    %concat/vec4; draw_string_vec4
    %pushi/vec4 0, 0, 32; draw_string_vec4
    %concat/vec4; draw_string_vec4
    %pushi/vec4 0, 0, 32; draw_string_vec4
    %concat/vec4; draw_string_vec4
    %pushi/vec4 0, 0, 32; draw_string_vec4
    %concat/vec4; draw_string_vec4
    %pushi/vec4 0, 0, 32; draw_string_vec4
    %concat/vec4; draw_string_vec4
    %pushi/vec4 0, 0, 32; draw_string_vec4
    %concat/vec4; draw_string_vec4
    %pushi/vec4 0, 0, 32; draw_string_vec4
    %concat/vec4; draw_string_vec4
    %pushi/vec4 0, 0, 32; draw_string_vec4
    %concat/vec4; draw_string_vec4
    %pushi/vec4 0, 0, 32; draw_string_vec4
    %concat/vec4; draw_string_vec4
    %pushi/vec4 0, 0, 32; draw_string_vec4
    %concat/vec4; draw_string_vec4
    %pushi/vec4 0, 0, 32; draw_string_vec4
    %concat/vec4; draw_string_vec4
    %pushi/vec4 0, 0, 32; draw_string_vec4
    %concat/vec4; draw_string_vec4
    %pushi/vec4 0, 0, 32; draw_string_vec4
    %concat/vec4; draw_string_vec4
    %pushi/vec4 0, 0, 32; draw_string_vec4
    %concat/vec4; draw_string_vec4
    %pushi/vec4 0, 0, 32; draw_string_vec4
    %concat/vec4; draw_string_vec4
    %pushi/vec4 0, 0, 32; draw_string_vec4
    %concat/vec4; draw_string_vec4
    %pushi/vec4 0, 0, 32; draw_string_vec4
    %concat/vec4; draw_string_vec4
    %pushi/vec4 0, 0, 32; draw_string_vec4
    %concat/vec4; draw_string_vec4
    %pushi/vec4 0, 0, 32; draw_string_vec4
    %concat/vec4; draw_string_vec4
    %pushi/vec4 0, 0, 32; draw_string_vec4
    %concat/vec4; draw_string_vec4
    %pushi/vec4 0, 0, 32; draw_string_vec4
    %concat/vec4; draw_string_vec4
    %pushi/vec4 0, 0, 32; draw_string_vec4
    %concat/vec4; draw_string_vec4
    %pushi/vec4 0, 0, 32; draw_string_vec4
    %concat/vec4; draw_string_vec4
    %pushi/vec4 0, 0, 32; draw_string_vec4
    %concat/vec4; draw_string_vec4
    %pushi/vec4 0, 0, 32; draw_string_vec4
    %concat/vec4; draw_string_vec4
    %pushi/vec4 0, 0, 32; draw_string_vec4
    %concat/vec4; draw_string_vec4
    %pushi/vec4 0, 0, 32; draw_string_vec4
    %concat/vec4; draw_string_vec4
    %pushi/vec4 0, 0, 32; draw_string_vec4
    %concat/vec4; draw_string_vec4
    %pushi/vec4 0, 0, 32; draw_string_vec4
    %concat/vec4; draw_string_vec4
    %pushi/vec4 0, 0, 32; draw_string_vec4
    %concat/vec4; draw_string_vec4
    %pushi/vec4 0, 0, 32; draw_string_vec4
    %concat/vec4; draw_string_vec4
    %pushi/vec4 0, 0, 32; draw_string_vec4
    %concat/vec4; draw_string_vec4
    %store/vec4 v00000240180c9040_0, 0, 2048;
    %load/vec4 v00000240180c8820_0;
    %pad/u 32;
    %cmpi/e 0, 0, 32;
    %jmp/0xz  T_2.4, 4;
    %load/vec4 v00000240180c66d0_0;
    %flag_set/vec4 8;
    %jmp/0xz  T_2.6, 8;
    %pushi/vec4 0, 0, 32; draw_string_vec4
    %pushi/vec4 0, 0, 32; draw_string_vec4
    %concat/vec4; draw_string_vec4
    %pushi/vec4 0, 0, 32; draw_string_vec4
    %concat/vec4; draw_string_vec4
    %pushi/vec4 0, 0, 32; draw_string_vec4
    %concat/vec4; draw_string_vec4
    %pushi/vec4 0, 0, 32; draw_string_vec4
    %concat/vec4; draw_string_vec4
    %pushi/vec4 0, 0, 32; draw_string_vec4
    %concat/vec4; draw_string_vec4
    %pushi/vec4 0, 0, 32; draw_string_vec4
    %concat/vec4; draw_string_vec4
    %pushi/vec4 0, 0, 32; draw_string_vec4
    %concat/vec4; draw_string_vec4
    %pushi/vec4 0, 0, 32; draw_string_vec4
    %concat/vec4; draw_string_vec4
    %pushi/vec4 0, 0, 32; draw_string_vec4
    %concat/vec4; draw_string_vec4
    %pushi/vec4 0, 0, 32; draw_string_vec4
    %concat/vec4; draw_string_vec4
    %pushi/vec4 0, 0, 32; draw_string_vec4
    %concat/vec4; draw_string_vec4
    %pushi/vec4 0, 0, 32; draw_string_vec4
    %concat/vec4; draw_string_vec4
    %pushi/vec4 0, 0, 32; draw_string_vec4
    %concat/vec4; draw_string_vec4
    %pushi/vec4 0, 0, 32; draw_string_vec4
    %concat/vec4; draw_string_vec4
    %pushi/vec4 0, 0, 32; draw_string_vec4
    %concat/vec4; draw_string_vec4
    %pushi/vec4 0, 0, 32; draw_string_vec4
    %concat/vec4; draw_string_vec4
    %pushi/vec4 0, 0, 32; draw_string_vec4
    %concat/vec4; draw_string_vec4
    %pushi/vec4 0, 0, 32; draw_string_vec4
    %concat/vec4; draw_string_vec4
    %pushi/vec4 0, 0, 32; draw_string_vec4
    %concat/vec4; draw_string_vec4
    %pushi/vec4 0, 0, 32; draw_string_vec4
    %concat/vec4; draw_string_vec4
    %pushi/vec4 0, 0, 32; draw_string_vec4
    %concat/vec4; draw_string_vec4
    %pushi/vec4 0, 0, 32; draw_string_vec4
    %concat/vec4; draw_string_vec4
    %pushi/vec4 0, 0, 32; draw_string_vec4
    %concat/vec4; draw_string_vec4
    %pushi/vec4 0, 0, 32; draw_string_vec4
    %concat/vec4; draw_string_vec4
    %pushi/vec4 0, 0, 32; draw_string_vec4
    %concat/vec4; draw_string_vec4
    %pushi/vec4 0, 0, 32; draw_string_vec4
    %concat/vec4; draw_string_vec4
    %pushi/vec4 0, 0, 32; draw_string_vec4
    %concat/vec4; draw_string_vec4
    %pushi/vec4 0, 0, 32; draw_string_vec4
    %concat/vec4; draw_string_vec4
    %pushi/vec4 0, 0, 32; draw_string_vec4
    %concat/vec4; draw_string_vec4
    %pushi/vec4 0, 0, 32; draw_string_vec4
    %concat/vec4; draw_string_vec4
    %pushi/vec4 0, 0, 32; draw_string_vec4
    %concat/vec4; draw_string_vec4
    %pushi/vec4 0, 0, 32; draw_string_vec4
    %concat/vec4; draw_string_vec4
    %pushi/vec4 0, 0, 32; draw_string_vec4
    %concat/vec4; draw_string_vec4
    %pushi/vec4 0, 0, 32; draw_string_vec4
    %concat/vec4; draw_string_vec4
    %pushi/vec4 0, 0, 32; draw_string_vec4
    %concat/vec4; draw_string_vec4
    %pushi/vec4 0, 0, 32; draw_string_vec4
    %concat/vec4; draw_string_vec4
    %pushi/vec4 0, 0, 32; draw_string_vec4
    %concat/vec4; draw_string_vec4
    %pushi/vec4 0, 0, 32; draw_string_vec4
    %concat/vec4; draw_string_vec4
    %pushi/vec4 0, 0, 32; draw_string_vec4
    %concat/vec4; draw_string_vec4
    %pushi/vec4 0, 0, 32; draw_string_vec4
    %concat/vec4; draw_string_vec4
    %pushi/vec4 0, 0, 32; draw_string_vec4
    %concat/vec4; draw_string_vec4
    %pushi/vec4 0, 0, 32; draw_string_vec4
    %concat/vec4; draw_string_vec4
    %pushi/vec4 0, 0, 32; draw_string_vec4
    %concat/vec4; draw_string_vec4
    %pushi/vec4 0, 0, 32; draw_string_vec4
    %concat/vec4; draw_string_vec4
    %pushi/vec4 0, 0, 32; draw_string_vec4
    %concat/vec4; draw_string_vec4
    %pushi/vec4 0, 0, 32; draw_string_vec4
    %concat/vec4; draw_string_vec4
    %pushi/vec4 0, 0, 32; draw_string_vec4
    %concat/vec4; draw_string_vec4
    %pushi/vec4 0, 0, 32; draw_string_vec4
    %concat/vec4; draw_string_vec4
    %pushi/vec4 0, 0, 32; draw_string_vec4
    %concat/vec4; draw_string_vec4
    %pushi/vec4 0, 0, 32; draw_string_vec4
    %concat/vec4; draw_string_vec4
    %pushi/vec4 0, 0, 32; draw_string_vec4
    %concat/vec4; draw_string_vec4
    %pushi/vec4 0, 0, 32; draw_string_vec4
    %concat/vec4; draw_string_vec4
    %pushi/vec4 0, 0, 32; draw_string_vec4
    %concat/vec4; draw_string_vec4
    %pushi/vec4 0, 0, 32; draw_string_vec4
    %concat/vec4; draw_string_vec4
    %pushi/vec4 0, 0, 32; draw_string_vec4
    %concat/vec4; draw_string_vec4
    %pushi/vec4 0, 0, 32; draw_string_vec4
    %concat/vec4; draw_string_vec4
    %pushi/vec4 0, 0, 32; draw_string_vec4
    %concat/vec4; draw_string_vec4
    %pushi/vec4 0, 0, 32; draw_string_vec4
    %concat/vec4; draw_string_vec4
    %pushi/vec4 0, 0, 32; draw_string_vec4
    %concat/vec4; draw_string_vec4
    %pushi/vec4 0, 0, 32; draw_string_vec4
    %concat/vec4; draw_string_vec4
    %pushi/vec4 0, 0, 32; draw_string_vec4
    %concat/vec4; draw_string_vec4
    %pushi/vec4 102, 0, 32; draw_string_vec4
    %concat/vec4; draw_string_vec4
    %pushi/vec4 1819242340, 0, 32; draw_string_vec4
    %concat/vec4; draw_string_vec4
    %store/vec4 v00000240180c9040_0, 0, 2048;
    %jmp T_2.7;
T_2.6 ;
    %load/vec4 v00000240180c7d50_0;
    %flag_set/vec4 8;
    %jmp/0xz  T_2.8, 8;
    %pushi/vec4 0, 0, 32; draw_string_vec4
    %pushi/vec4 0, 0, 32; draw_string_vec4
    %concat/vec4; draw_string_vec4
    %pushi/vec4 0, 0, 32; draw_string_vec4
    %concat/vec4; draw_string_vec4
    %pushi/vec4 0, 0, 32; draw_string_vec4
    %concat/vec4; draw_string_vec4
    %pushi/vec4 0, 0, 32; draw_string_vec4
    %concat/vec4; draw_string_vec4
    %pushi/vec4 0, 0, 32; draw_string_vec4
    %concat/vec4; draw_string_vec4
    %pushi/vec4 0, 0, 32; draw_string_vec4
    %concat/vec4; draw_string_vec4
    %pushi/vec4 0, 0, 32; draw_string_vec4
    %concat/vec4; draw_string_vec4
    %pushi/vec4 0, 0, 32; draw_string_vec4
    %concat/vec4; draw_string_vec4
    %pushi/vec4 0, 0, 32; draw_string_vec4
    %concat/vec4; draw_string_vec4
    %pushi/vec4 0, 0, 32; draw_string_vec4
    %concat/vec4; draw_string_vec4
    %pushi/vec4 0, 0, 32; draw_string_vec4
    %concat/vec4; draw_string_vec4
    %pushi/vec4 0, 0, 32; draw_string_vec4
    %concat/vec4; draw_string_vec4
    %pushi/vec4 0, 0, 32; draw_string_vec4
    %concat/vec4; draw_string_vec4
    %pushi/vec4 0, 0, 32; draw_string_vec4
    %concat/vec4; draw_string_vec4
    %pushi/vec4 0, 0, 32; draw_string_vec4
    %concat/vec4; draw_string_vec4
    %pushi/vec4 0, 0, 32; draw_string_vec4
    %concat/vec4; draw_string_vec4
    %pushi/vec4 0, 0, 32; draw_string_vec4
    %concat/vec4; draw_string_vec4
    %pushi/vec4 0, 0, 32; draw_string_vec4
    %concat/vec4; draw_string_vec4
    %pushi/vec4 0, 0, 32; draw_string_vec4
    %concat/vec4; draw_string_vec4
    %pushi/vec4 0, 0, 32; draw_string_vec4
    %concat/vec4; draw_string_vec4
    %pushi/vec4 0, 0, 32; draw_string_vec4
    %concat/vec4; draw_string_vec4
    %pushi/vec4 0, 0, 32; draw_string_vec4
    %concat/vec4; draw_string_vec4
    %pushi/vec4 0, 0, 32; draw_string_vec4
    %concat/vec4; draw_string_vec4
    %pushi/vec4 0, 0, 32; draw_string_vec4
    %concat/vec4; draw_string_vec4
    %pushi/vec4 0, 0, 32; draw_string_vec4
    %concat/vec4; draw_string_vec4
    %pushi/vec4 0, 0, 32; draw_string_vec4
    %concat/vec4; draw_string_vec4
    %pushi/vec4 0, 0, 32; draw_string_vec4
    %concat/vec4; draw_string_vec4
    %pushi/vec4 0, 0, 32; draw_string_vec4
    %concat/vec4; draw_string_vec4
    %pushi/vec4 0, 0, 32; draw_string_vec4
    %concat/vec4; draw_string_vec4
    %pushi/vec4 0, 0, 32; draw_string_vec4
    %concat/vec4; draw_string_vec4
    %pushi/vec4 0, 0, 32; draw_string_vec4
    %concat/vec4; draw_string_vec4
    %pushi/vec4 0, 0, 32; draw_string_vec4
    %concat/vec4; draw_string_vec4
    %pushi/vec4 0, 0, 32; draw_string_vec4
    %concat/vec4; draw_string_vec4
    %pushi/vec4 0, 0, 32; draw_string_vec4
    %concat/vec4; draw_string_vec4
    %pushi/vec4 0, 0, 32; draw_string_vec4
    %concat/vec4; draw_string_vec4
    %pushi/vec4 0, 0, 32; draw_string_vec4
    %concat/vec4; draw_string_vec4
    %pushi/vec4 0, 0, 32; draw_string_vec4
    %concat/vec4; draw_string_vec4
    %pushi/vec4 0, 0, 32; draw_string_vec4
    %concat/vec4; draw_string_vec4
    %pushi/vec4 0, 0, 32; draw_string_vec4
    %concat/vec4; draw_string_vec4
    %pushi/vec4 0, 0, 32; draw_string_vec4
    %concat/vec4; draw_string_vec4
    %pushi/vec4 0, 0, 32; draw_string_vec4
    %concat/vec4; draw_string_vec4
    %pushi/vec4 0, 0, 32; draw_string_vec4
    %concat/vec4; draw_string_vec4
    %pushi/vec4 0, 0, 32; draw_string_vec4
    %concat/vec4; draw_string_vec4
    %pushi/vec4 0, 0, 32; draw_string_vec4
    %concat/vec4; draw_string_vec4
    %pushi/vec4 0, 0, 32; draw_string_vec4
    %concat/vec4; draw_string_vec4
    %pushi/vec4 0, 0, 32; draw_string_vec4
    %concat/vec4; draw_string_vec4
    %pushi/vec4 0, 0, 32; draw_string_vec4
    %concat/vec4; draw_string_vec4
    %pushi/vec4 0, 0, 32; draw_string_vec4
    %concat/vec4; draw_string_vec4
    %pushi/vec4 0, 0, 32; draw_string_vec4
    %concat/vec4; draw_string_vec4
    %pushi/vec4 0, 0, 32; draw_string_vec4
    %concat/vec4; draw_string_vec4
    %pushi/vec4 0, 0, 32; draw_string_vec4
    %concat/vec4; draw_string_vec4
    %pushi/vec4 0, 0, 32; draw_string_vec4
    %concat/vec4; draw_string_vec4
    %pushi/vec4 0, 0, 32; draw_string_vec4
    %concat/vec4; draw_string_vec4
    %pushi/vec4 0, 0, 32; draw_string_vec4
    %concat/vec4; draw_string_vec4
    %pushi/vec4 0, 0, 32; draw_string_vec4
    %concat/vec4; draw_string_vec4
    %pushi/vec4 0, 0, 32; draw_string_vec4
    %concat/vec4; draw_string_vec4
    %pushi/vec4 0, 0, 32; draw_string_vec4
    %concat/vec4; draw_string_vec4
    %pushi/vec4 0, 0, 32; draw_string_vec4
    %concat/vec4; draw_string_vec4
    %pushi/vec4 0, 0, 32; draw_string_vec4
    %concat/vec4; draw_string_vec4
    %pushi/vec4 0, 0, 32; draw_string_vec4
    %concat/vec4; draw_string_vec4
    %pushi/vec4 0, 0, 32; draw_string_vec4
    %concat/vec4; draw_string_vec4
    %pushi/vec4 6519139, 0, 32; draw_string_vec4
    %concat/vec4; draw_string_vec4
    %pushi/vec4 1819242085, 0, 32; draw_string_vec4
    %concat/vec4; draw_string_vec4
    %store/vec4 v00000240180c9040_0, 0, 2048;
    %jmp T_2.9;
T_2.8 ;
    %load/vec4 v00000240180c6310_0;
    %flag_set/vec4 8;
    %jmp/0xz  T_2.10, 8;
    %pushi/vec4 0, 0, 32; draw_string_vec4
    %pushi/vec4 0, 0, 32; draw_string_vec4
    %concat/vec4; draw_string_vec4
    %pushi/vec4 0, 0, 32; draw_string_vec4
    %concat/vec4; draw_string_vec4
    %pushi/vec4 0, 0, 32; draw_string_vec4
    %concat/vec4; draw_string_vec4
    %pushi/vec4 0, 0, 32; draw_string_vec4
    %concat/vec4; draw_string_vec4
    %pushi/vec4 0, 0, 32; draw_string_vec4
    %concat/vec4; draw_string_vec4
    %pushi/vec4 0, 0, 32; draw_string_vec4
    %concat/vec4; draw_string_vec4
    %pushi/vec4 0, 0, 32; draw_string_vec4
    %concat/vec4; draw_string_vec4
    %pushi/vec4 0, 0, 32; draw_string_vec4
    %concat/vec4; draw_string_vec4
    %pushi/vec4 0, 0, 32; draw_string_vec4
    %concat/vec4; draw_string_vec4
    %pushi/vec4 0, 0, 32; draw_string_vec4
    %concat/vec4; draw_string_vec4
    %pushi/vec4 0, 0, 32; draw_string_vec4
    %concat/vec4; draw_string_vec4
    %pushi/vec4 0, 0, 32; draw_string_vec4
    %concat/vec4; draw_string_vec4
    %pushi/vec4 0, 0, 32; draw_string_vec4
    %concat/vec4; draw_string_vec4
    %pushi/vec4 0, 0, 32; draw_string_vec4
    %concat/vec4; draw_string_vec4
    %pushi/vec4 0, 0, 32; draw_string_vec4
    %concat/vec4; draw_string_vec4
    %pushi/vec4 0, 0, 32; draw_string_vec4
    %concat/vec4; draw_string_vec4
    %pushi/vec4 0, 0, 32; draw_string_vec4
    %concat/vec4; draw_string_vec4
    %pushi/vec4 0, 0, 32; draw_string_vec4
    %concat/vec4; draw_string_vec4
    %pushi/vec4 0, 0, 32; draw_string_vec4
    %concat/vec4; draw_string_vec4
    %pushi/vec4 0, 0, 32; draw_string_vec4
    %concat/vec4; draw_string_vec4
    %pushi/vec4 0, 0, 32; draw_string_vec4
    %concat/vec4; draw_string_vec4
    %pushi/vec4 0, 0, 32; draw_string_vec4
    %concat/vec4; draw_string_vec4
    %pushi/vec4 0, 0, 32; draw_string_vec4
    %concat/vec4; draw_string_vec4
    %pushi/vec4 0, 0, 32; draw_string_vec4
    %concat/vec4; draw_string_vec4
    %pushi/vec4 0, 0, 32; draw_string_vec4
    %concat/vec4; draw_string_vec4
    %pushi/vec4 0, 0, 32; draw_string_vec4
    %concat/vec4; draw_string_vec4
    %pushi/vec4 0, 0, 32; draw_string_vec4
    %concat/vec4; draw_string_vec4
    %pushi/vec4 0, 0, 32; draw_string_vec4
    %concat/vec4; draw_string_vec4
    %pushi/vec4 0, 0, 32; draw_string_vec4
    %concat/vec4; draw_string_vec4
    %pushi/vec4 0, 0, 32; draw_string_vec4
    %concat/vec4; draw_string_vec4
    %pushi/vec4 0, 0, 32; draw_string_vec4
    %concat/vec4; draw_string_vec4
    %pushi/vec4 0, 0, 32; draw_string_vec4
    %concat/vec4; draw_string_vec4
    %pushi/vec4 0, 0, 32; draw_string_vec4
    %concat/vec4; draw_string_vec4
    %pushi/vec4 0, 0, 32; draw_string_vec4
    %concat/vec4; draw_string_vec4
    %pushi/vec4 0, 0, 32; draw_string_vec4
    %concat/vec4; draw_string_vec4
    %pushi/vec4 0, 0, 32; draw_string_vec4
    %concat/vec4; draw_string_vec4
    %pushi/vec4 0, 0, 32; draw_string_vec4
    %concat/vec4; draw_string_vec4
    %pushi/vec4 0, 0, 32; draw_string_vec4
    %concat/vec4; draw_string_vec4
    %pushi/vec4 0, 0, 32; draw_string_vec4
    %concat/vec4; draw_string_vec4
    %pushi/vec4 0, 0, 32; draw_string_vec4
    %concat/vec4; draw_string_vec4
    %pushi/vec4 0, 0, 32; draw_string_vec4
    %concat/vec4; draw_string_vec4
    %pushi/vec4 0, 0, 32; draw_string_vec4
    %concat/vec4; draw_string_vec4
    %pushi/vec4 0, 0, 32; draw_string_vec4
    %concat/vec4; draw_string_vec4
    %pushi/vec4 0, 0, 32; draw_string_vec4
    %concat/vec4; draw_string_vec4
    %pushi/vec4 0, 0, 32; draw_string_vec4
    %concat/vec4; draw_string_vec4
    %pushi/vec4 0, 0, 32; draw_string_vec4
    %concat/vec4; draw_string_vec4
    %pushi/vec4 0, 0, 32; draw_string_vec4
    %concat/vec4; draw_string_vec4
    %pushi/vec4 0, 0, 32; draw_string_vec4
    %concat/vec4; draw_string_vec4
    %pushi/vec4 0, 0, 32; draw_string_vec4
    %concat/vec4; draw_string_vec4
    %pushi/vec4 0, 0, 32; draw_string_vec4
    %concat/vec4; draw_string_vec4
    %pushi/vec4 0, 0, 32; draw_string_vec4
    %concat/vec4; draw_string_vec4
    %pushi/vec4 0, 0, 32; draw_string_vec4
    %concat/vec4; draw_string_vec4
    %pushi/vec4 0, 0, 32; draw_string_vec4
    %concat/vec4; draw_string_vec4
    %pushi/vec4 0, 0, 32; draw_string_vec4
    %concat/vec4; draw_string_vec4
    %pushi/vec4 0, 0, 32; draw_string_vec4
    %concat/vec4; draw_string_vec4
    %pushi/vec4 0, 0, 32; draw_string_vec4
    %concat/vec4; draw_string_vec4
    %pushi/vec4 0, 0, 32; draw_string_vec4
    %concat/vec4; draw_string_vec4
    %pushi/vec4 0, 0, 32; draw_string_vec4
    %concat/vec4; draw_string_vec4
    %pushi/vec4 0, 0, 32; draw_string_vec4
    %concat/vec4; draw_string_vec4
    %pushi/vec4 0, 0, 32; draw_string_vec4
    %concat/vec4; draw_string_vec4
    %pushi/vec4 25953, 0, 32; draw_string_vec4
    %concat/vec4; draw_string_vec4
    %pushi/vec4 1920231537, 0, 32; draw_string_vec4
    %concat/vec4; draw_string_vec4
    %pushi/vec4 1969318757, 0, 32; draw_string_vec4
    %concat/vec4; draw_string_vec4
    %store/vec4 v00000240180c9040_0, 0, 2048;
    %jmp T_2.11;
T_2.10 ;
    %load/vec4 v00000240180c9f40_0;
    %flag_set/vec4 8;
    %jmp/0xz  T_2.12, 8;
    %pushi/vec4 0, 0, 32; draw_string_vec4
    %pushi/vec4 0, 0, 32; draw_string_vec4
    %concat/vec4; draw_string_vec4
    %pushi/vec4 0, 0, 32; draw_string_vec4
    %concat/vec4; draw_string_vec4
    %pushi/vec4 0, 0, 32; draw_string_vec4
    %concat/vec4; draw_string_vec4
    %pushi/vec4 0, 0, 32; draw_string_vec4
    %concat/vec4; draw_string_vec4
    %pushi/vec4 0, 0, 32; draw_string_vec4
    %concat/vec4; draw_string_vec4
    %pushi/vec4 0, 0, 32; draw_string_vec4
    %concat/vec4; draw_string_vec4
    %pushi/vec4 0, 0, 32; draw_string_vec4
    %concat/vec4; draw_string_vec4
    %pushi/vec4 0, 0, 32; draw_string_vec4
    %concat/vec4; draw_string_vec4
    %pushi/vec4 0, 0, 32; draw_string_vec4
    %concat/vec4; draw_string_vec4
    %pushi/vec4 0, 0, 32; draw_string_vec4
    %concat/vec4; draw_string_vec4
    %pushi/vec4 0, 0, 32; draw_string_vec4
    %concat/vec4; draw_string_vec4
    %pushi/vec4 0, 0, 32; draw_string_vec4
    %concat/vec4; draw_string_vec4
    %pushi/vec4 0, 0, 32; draw_string_vec4
    %concat/vec4; draw_string_vec4
    %pushi/vec4 0, 0, 32; draw_string_vec4
    %concat/vec4; draw_string_vec4
    %pushi/vec4 0, 0, 32; draw_string_vec4
    %concat/vec4; draw_string_vec4
    %pushi/vec4 0, 0, 32; draw_string_vec4
    %concat/vec4; draw_string_vec4
    %pushi/vec4 0, 0, 32; draw_string_vec4
    %concat/vec4; draw_string_vec4
    %pushi/vec4 0, 0, 32; draw_string_vec4
    %concat/vec4; draw_string_vec4
    %pushi/vec4 0, 0, 32; draw_string_vec4
    %concat/vec4; draw_string_vec4
    %pushi/vec4 0, 0, 32; draw_string_vec4
    %concat/vec4; draw_string_vec4
    %pushi/vec4 0, 0, 32; draw_string_vec4
    %concat/vec4; draw_string_vec4
    %pushi/vec4 0, 0, 32; draw_string_vec4
    %concat/vec4; draw_string_vec4
    %pushi/vec4 0, 0, 32; draw_string_vec4
    %concat/vec4; draw_string_vec4
    %pushi/vec4 0, 0, 32; draw_string_vec4
    %concat/vec4; draw_string_vec4
    %pushi/vec4 0, 0, 32; draw_string_vec4
    %concat/vec4; draw_string_vec4
    %pushi/vec4 0, 0, 32; draw_string_vec4
    %concat/vec4; draw_string_vec4
    %pushi/vec4 0, 0, 32; draw_string_vec4
    %concat/vec4; draw_string_vec4
    %pushi/vec4 0, 0, 32; draw_string_vec4
    %concat/vec4; draw_string_vec4
    %pushi/vec4 0, 0, 32; draw_string_vec4
    %concat/vec4; draw_string_vec4
    %pushi/vec4 0, 0, 32; draw_string_vec4
    %concat/vec4; draw_string_vec4
    %pushi/vec4 0, 0, 32; draw_string_vec4
    %concat/vec4; draw_string_vec4
    %pushi/vec4 0, 0, 32; draw_string_vec4
    %concat/vec4; draw_string_vec4
    %pushi/vec4 0, 0, 32; draw_string_vec4
    %concat/vec4; draw_string_vec4
    %pushi/vec4 0, 0, 32; draw_string_vec4
    %concat/vec4; draw_string_vec4
    %pushi/vec4 0, 0, 32; draw_string_vec4
    %concat/vec4; draw_string_vec4
    %pushi/vec4 0, 0, 32; draw_string_vec4
    %concat/vec4; draw_string_vec4
    %pushi/vec4 0, 0, 32; draw_string_vec4
    %concat/vec4; draw_string_vec4
    %pushi/vec4 0, 0, 32; draw_string_vec4
    %concat/vec4; draw_string_vec4
    %pushi/vec4 0, 0, 32; draw_string_vec4
    %concat/vec4; draw_string_vec4
    %pushi/vec4 0, 0, 32; draw_string_vec4
    %concat/vec4; draw_string_vec4
    %pushi/vec4 0, 0, 32; draw_string_vec4
    %concat/vec4; draw_string_vec4
    %pushi/vec4 0, 0, 32; draw_string_vec4
    %concat/vec4; draw_string_vec4
    %pushi/vec4 0, 0, 32; draw_string_vec4
    %concat/vec4; draw_string_vec4
    %pushi/vec4 0, 0, 32; draw_string_vec4
    %concat/vec4; draw_string_vec4
    %pushi/vec4 0, 0, 32; draw_string_vec4
    %concat/vec4; draw_string_vec4
    %pushi/vec4 0, 0, 32; draw_string_vec4
    %concat/vec4; draw_string_vec4
    %pushi/vec4 0, 0, 32; draw_string_vec4
    %concat/vec4; draw_string_vec4
    %pushi/vec4 0, 0, 32; draw_string_vec4
    %concat/vec4; draw_string_vec4
    %pushi/vec4 0, 0, 32; draw_string_vec4
    %concat/vec4; draw_string_vec4
    %pushi/vec4 0, 0, 32; draw_string_vec4
    %concat/vec4; draw_string_vec4
    %pushi/vec4 0, 0, 32; draw_string_vec4
    %concat/vec4; draw_string_vec4
    %pushi/vec4 0, 0, 32; draw_string_vec4
    %concat/vec4; draw_string_vec4
    %pushi/vec4 0, 0, 32; draw_string_vec4
    %concat/vec4; draw_string_vec4
    %pushi/vec4 0, 0, 32; draw_string_vec4
    %concat/vec4; draw_string_vec4
    %pushi/vec4 0, 0, 32; draw_string_vec4
    %concat/vec4; draw_string_vec4
    %pushi/vec4 0, 0, 32; draw_string_vec4
    %concat/vec4; draw_string_vec4
    %pushi/vec4 0, 0, 32; draw_string_vec4
    %concat/vec4; draw_string_vec4
    %pushi/vec4 0, 0, 32; draw_string_vec4
    %concat/vec4; draw_string_vec4
    %pushi/vec4 0, 0, 32; draw_string_vec4
    %concat/vec4; draw_string_vec4
    %pushi/vec4 0, 0, 32; draw_string_vec4
    %concat/vec4; draw_string_vec4
    %pushi/vec4 0, 0, 32; draw_string_vec4
    %concat/vec4; draw_string_vec4
    %pushi/vec4 7631733, 0, 32; draw_string_vec4
    %concat/vec4; draw_string_vec4
    %pushi/vec4 1851878761, 0, 32; draw_string_vec4
    %concat/vec4; draw_string_vec4
    %store/vec4 v00000240180c9040_0, 0, 2048;
    %jmp T_2.13;
T_2.12 ;
    %pushi/vec4 0, 0, 32; draw_string_vec4
    %pushi/vec4 0, 0, 32; draw_string_vec4
    %concat/vec4; draw_string_vec4
    %pushi/vec4 0, 0, 32; draw_string_vec4
    %concat/vec4; draw_string_vec4
    %pushi/vec4 0, 0, 32; draw_string_vec4
    %concat/vec4; draw_string_vec4
    %pushi/vec4 0, 0, 32; draw_string_vec4
    %concat/vec4; draw_string_vec4
    %pushi/vec4 0, 0, 32; draw_string_vec4
    %concat/vec4; draw_string_vec4
    %pushi/vec4 0, 0, 32; draw_string_vec4
    %concat/vec4; draw_string_vec4
    %pushi/vec4 0, 0, 32; draw_string_vec4
    %concat/vec4; draw_string_vec4
    %pushi/vec4 0, 0, 32; draw_string_vec4
    %concat/vec4; draw_string_vec4
    %pushi/vec4 0, 0, 32; draw_string_vec4
    %concat/vec4; draw_string_vec4
    %pushi/vec4 0, 0, 32; draw_string_vec4
    %concat/vec4; draw_string_vec4
    %pushi/vec4 0, 0, 32; draw_string_vec4
    %concat/vec4; draw_string_vec4
    %pushi/vec4 0, 0, 32; draw_string_vec4
    %concat/vec4; draw_string_vec4
    %pushi/vec4 0, 0, 32; draw_string_vec4
    %concat/vec4; draw_string_vec4
    %pushi/vec4 0, 0, 32; draw_string_vec4
    %concat/vec4; draw_string_vec4
    %pushi/vec4 0, 0, 32; draw_string_vec4
    %concat/vec4; draw_string_vec4
    %pushi/vec4 0, 0, 32; draw_string_vec4
    %concat/vec4; draw_string_vec4
    %pushi/vec4 0, 0, 32; draw_string_vec4
    %concat/vec4; draw_string_vec4
    %pushi/vec4 0, 0, 32; draw_string_vec4
    %concat/vec4; draw_string_vec4
    %pushi/vec4 0, 0, 32; draw_string_vec4
    %concat/vec4; draw_string_vec4
    %pushi/vec4 0, 0, 32; draw_string_vec4
    %concat/vec4; draw_string_vec4
    %pushi/vec4 0, 0, 32; draw_string_vec4
    %concat/vec4; draw_string_vec4
    %pushi/vec4 0, 0, 32; draw_string_vec4
    %concat/vec4; draw_string_vec4
    %pushi/vec4 0, 0, 32; draw_string_vec4
    %concat/vec4; draw_string_vec4
    %pushi/vec4 0, 0, 32; draw_string_vec4
    %concat/vec4; draw_string_vec4
    %pushi/vec4 0, 0, 32; draw_string_vec4
    %concat/vec4; draw_string_vec4
    %pushi/vec4 0, 0, 32; draw_string_vec4
    %concat/vec4; draw_string_vec4
    %pushi/vec4 0, 0, 32; draw_string_vec4
    %concat/vec4; draw_string_vec4
    %pushi/vec4 0, 0, 32; draw_string_vec4
    %concat/vec4; draw_string_vec4
    %pushi/vec4 0, 0, 32; draw_string_vec4
    %concat/vec4; draw_string_vec4
    %pushi/vec4 0, 0, 32; draw_string_vec4
    %concat/vec4; draw_string_vec4
    %pushi/vec4 0, 0, 32; draw_string_vec4
    %concat/vec4; draw_string_vec4
    %pushi/vec4 0, 0, 32; draw_string_vec4
    %concat/vec4; draw_string_vec4
    %pushi/vec4 0, 0, 32; draw_string_vec4
    %concat/vec4; draw_string_vec4
    %pushi/vec4 0, 0, 32; draw_string_vec4
    %concat/vec4; draw_string_vec4
    %pushi/vec4 0, 0, 32; draw_string_vec4
    %concat/vec4; draw_string_vec4
    %pushi/vec4 0, 0, 32; draw_string_vec4
    %concat/vec4; draw_string_vec4
    %pushi/vec4 0, 0, 32; draw_string_vec4
    %concat/vec4; draw_string_vec4
    %pushi/vec4 0, 0, 32; draw_string_vec4
    %concat/vec4; draw_string_vec4
    %pushi/vec4 0, 0, 32; draw_string_vec4
    %concat/vec4; draw_string_vec4
    %pushi/vec4 0, 0, 32; draw_string_vec4
    %concat/vec4; draw_string_vec4
    %pushi/vec4 0, 0, 32; draw_string_vec4
    %concat/vec4; draw_string_vec4
    %pushi/vec4 0, 0, 32; draw_string_vec4
    %concat/vec4; draw_string_vec4
    %pushi/vec4 0, 0, 32; draw_string_vec4
    %concat/vec4; draw_string_vec4
    %pushi/vec4 0, 0, 32; draw_string_vec4
    %concat/vec4; draw_string_vec4
    %pushi/vec4 0, 0, 32; draw_string_vec4
    %concat/vec4; draw_string_vec4
    %pushi/vec4 0, 0, 32; draw_string_vec4
    %concat/vec4; draw_string_vec4
    %pushi/vec4 0, 0, 32; draw_string_vec4
    %concat/vec4; draw_string_vec4
    %pushi/vec4 0, 0, 32; draw_string_vec4
    %concat/vec4; draw_string_vec4
    %pushi/vec4 0, 0, 32; draw_string_vec4
    %concat/vec4; draw_string_vec4
    %pushi/vec4 0, 0, 32; draw_string_vec4
    %concat/vec4; draw_string_vec4
    %pushi/vec4 0, 0, 32; draw_string_vec4
    %concat/vec4; draw_string_vec4
    %pushi/vec4 0, 0, 32; draw_string_vec4
    %concat/vec4; draw_string_vec4
    %pushi/vec4 0, 0, 32; draw_string_vec4
    %concat/vec4; draw_string_vec4
    %pushi/vec4 0, 0, 32; draw_string_vec4
    %concat/vec4; draw_string_vec4
    %pushi/vec4 0, 0, 32; draw_string_vec4
    %concat/vec4; draw_string_vec4
    %pushi/vec4 0, 0, 32; draw_string_vec4
    %concat/vec4; draw_string_vec4
    %pushi/vec4 0, 0, 32; draw_string_vec4
    %concat/vec4; draw_string_vec4
    %pushi/vec4 0, 0, 32; draw_string_vec4
    %concat/vec4; draw_string_vec4
    %pushi/vec4 0, 0, 32; draw_string_vec4
    %concat/vec4; draw_string_vec4
    %pushi/vec4 0, 0, 32; draw_string_vec4
    %concat/vec4; draw_string_vec4
    %pushi/vec4 0, 0, 32; draw_string_vec4
    %concat/vec4; draw_string_vec4
    %pushi/vec4 0, 0, 32; draw_string_vec4
    %concat/vec4; draw_string_vec4
    %pushi/vec4 1852796517, 0, 32; draw_string_vec4
    %concat/vec4; draw_string_vec4
    %store/vec4 v00000240180c9040_0, 0, 2048;
T_2.13 ;
T_2.11 ;
T_2.9 ;
T_2.7 ;
    %jmp T_2.5;
T_2.4 ;
    %load/vec4 v00000240180c66d0_0;
    %flag_set/vec4 8;
    %jmp/0xz  T_2.14, 8;
    %load/vec4 v00000240180c9040_0;
    %pushi/vec4 0, 0, 32; draw_string_vec4
    %pushi/vec4 0, 0, 32; draw_string_vec4
    %concat/vec4; draw_string_vec4
    %pushi/vec4 0, 0, 32; draw_string_vec4
    %concat/vec4; draw_string_vec4
    %pushi/vec4 0, 0, 32; draw_string_vec4
    %concat/vec4; draw_string_vec4
    %pushi/vec4 0, 0, 32; draw_string_vec4
    %concat/vec4; draw_string_vec4
    %pushi/vec4 0, 0, 32; draw_string_vec4
    %concat/vec4; draw_string_vec4
    %pushi/vec4 0, 0, 32; draw_string_vec4
    %concat/vec4; draw_string_vec4
    %pushi/vec4 0, 0, 32; draw_string_vec4
    %concat/vec4; draw_string_vec4
    %pushi/vec4 0, 0, 32; draw_string_vec4
    %concat/vec4; draw_string_vec4
    %pushi/vec4 0, 0, 32; draw_string_vec4
    %concat/vec4; draw_string_vec4
    %pushi/vec4 0, 0, 32; draw_string_vec4
    %concat/vec4; draw_string_vec4
    %pushi/vec4 0, 0, 32; draw_string_vec4
    %concat/vec4; draw_string_vec4
    %pushi/vec4 0, 0, 32; draw_string_vec4
    %concat/vec4; draw_string_vec4
    %pushi/vec4 0, 0, 32; draw_string_vec4
    %concat/vec4; draw_string_vec4
    %pushi/vec4 0, 0, 32; draw_string_vec4
    %concat/vec4; draw_string_vec4
    %pushi/vec4 0, 0, 32; draw_string_vec4
    %concat/vec4; draw_string_vec4
    %pushi/vec4 0, 0, 32; draw_string_vec4
    %concat/vec4; draw_string_vec4
    %pushi/vec4 0, 0, 32; draw_string_vec4
    %concat/vec4; draw_string_vec4
    %pushi/vec4 0, 0, 32; draw_string_vec4
    %concat/vec4; draw_string_vec4
    %pushi/vec4 0, 0, 32; draw_string_vec4
    %concat/vec4; draw_string_vec4
    %pushi/vec4 0, 0, 32; draw_string_vec4
    %concat/vec4; draw_string_vec4
    %pushi/vec4 0, 0, 32; draw_string_vec4
    %concat/vec4; draw_string_vec4
    %pushi/vec4 0, 0, 32; draw_string_vec4
    %concat/vec4; draw_string_vec4
    %pushi/vec4 0, 0, 32; draw_string_vec4
    %concat/vec4; draw_string_vec4
    %pushi/vec4 0, 0, 32; draw_string_vec4
    %concat/vec4; draw_string_vec4
    %pushi/vec4 0, 0, 32; draw_string_vec4
    %concat/vec4; draw_string_vec4
    %pushi/vec4 0, 0, 32; draw_string_vec4
    %concat/vec4; draw_string_vec4
    %pushi/vec4 0, 0, 32; draw_string_vec4
    %concat/vec4; draw_string_vec4
    %pushi/vec4 0, 0, 32; draw_string_vec4
    %concat/vec4; draw_string_vec4
    %pushi/vec4 0, 0, 32; draw_string_vec4
    %concat/vec4; draw_string_vec4
    %pushi/vec4 0, 0, 32; draw_string_vec4
    %concat/vec4; draw_string_vec4
    %pushi/vec4 0, 0, 32; draw_string_vec4
    %concat/vec4; draw_string_vec4
    %pushi/vec4 0, 0, 32; draw_string_vec4
    %concat/vec4; draw_string_vec4
    %pushi/vec4 0, 0, 32; draw_string_vec4
    %concat/vec4; draw_string_vec4
    %pushi/vec4 0, 0, 32; draw_string_vec4
    %concat/vec4; draw_string_vec4
    %pushi/vec4 0, 0, 32; draw_string_vec4
    %concat/vec4; draw_string_vec4
    %pushi/vec4 0, 0, 32; draw_string_vec4
    %concat/vec4; draw_string_vec4
    %pushi/vec4 0, 0, 32; draw_string_vec4
    %concat/vec4; draw_string_vec4
    %pushi/vec4 0, 0, 32; draw_string_vec4
    %concat/vec4; draw_string_vec4
    %pushi/vec4 0, 0, 32; draw_string_vec4
    %concat/vec4; draw_string_vec4
    %pushi/vec4 0, 0, 32; draw_string_vec4
    %concat/vec4; draw_string_vec4
    %pushi/vec4 0, 0, 32; draw_string_vec4
    %concat/vec4; draw_string_vec4
    %pushi/vec4 0, 0, 32; draw_string_vec4
    %concat/vec4; draw_string_vec4
    %pushi/vec4 0, 0, 32; draw_string_vec4
    %concat/vec4; draw_string_vec4
    %pushi/vec4 0, 0, 32; draw_string_vec4
    %concat/vec4; draw_string_vec4
    %pushi/vec4 0, 0, 32; draw_string_vec4
    %concat/vec4; draw_string_vec4
    %pushi/vec4 0, 0, 32; draw_string_vec4
    %concat/vec4; draw_string_vec4
    %pushi/vec4 0, 0, 32; draw_string_vec4
    %concat/vec4; draw_string_vec4
    %pushi/vec4 0, 0, 32; draw_string_vec4
    %concat/vec4; draw_string_vec4
    %pushi/vec4 0, 0, 32; draw_string_vec4
    %concat/vec4; draw_string_vec4
    %pushi/vec4 0, 0, 32; draw_string_vec4
    %concat/vec4; draw_string_vec4
    %pushi/vec4 0, 0, 32; draw_string_vec4
    %concat/vec4; draw_string_vec4
    %pushi/vec4 0, 0, 32; draw_string_vec4
    %concat/vec4; draw_string_vec4
    %pushi/vec4 0, 0, 32; draw_string_vec4
    %concat/vec4; draw_string_vec4
    %pushi/vec4 0, 0, 32; draw_string_vec4
    %concat/vec4; draw_string_vec4
    %pushi/vec4 0, 0, 32; draw_string_vec4
    %concat/vec4; draw_string_vec4
    %pushi/vec4 0, 0, 32; draw_string_vec4
    %concat/vec4; draw_string_vec4
    %pushi/vec4 0, 0, 32; draw_string_vec4
    %concat/vec4; draw_string_vec4
    %pushi/vec4 0, 0, 32; draw_string_vec4
    %concat/vec4; draw_string_vec4
    %pushi/vec4 0, 0, 32; draw_string_vec4
    %concat/vec4; draw_string_vec4
    %pushi/vec4 0, 0, 32; draw_string_vec4
    %concat/vec4; draw_string_vec4
    %pushi/vec4 0, 0, 32; draw_string_vec4
    %concat/vec4; draw_string_vec4
    %pushi/vec4 0, 0, 32; draw_string_vec4
    %concat/vec4; draw_string_vec4
    %pushi/vec4 0, 0, 32; draw_string_vec4
    %concat/vec4; draw_string_vec4
    %cmp/e;
    %flag_mov 8, 4;
    %jmp/0 T_2.16, 8;
    %pushi/vec4 26220, 0, 32; draw_string_vec4
    %pushi/vec4 7303012, 0, 24; draw_string_vec4
    %concat/vec4; draw_string_vec4
    %jmp/1 T_2.17, 8;
T_2.16 ; End of true expr.
    %pushi/vec4 740320876, 0, 32; draw_string_vec4
    %pushi/vec4 7303012, 0, 24; draw_string_vec4
    %concat/vec4; draw_string_vec4
    %jmp/0 T_2.17, 8;
 ; End of false expr.
    %blend;
T_2.17;
    %vpi_call 2 44 "$sformat", v00000240180c9040_0, "%s%s", v00000240180c9040_0, S<0,vec4,u56> {1 0 0};
T_2.14 ;
    %load/vec4 v00000240180c7d50_0;
    %flag_set/vec4 8;
    %jmp/0xz  T_2.18, 8;
    %load/vec4 v00000240180c9040_0;
    %pushi/vec4 0, 0, 32; draw_string_vec4
    %pushi/vec4 0, 0, 32; draw_string_vec4
    %concat/vec4; draw_string_vec4
    %pushi/vec4 0, 0, 32; draw_string_vec4
    %concat/vec4; draw_string_vec4
    %pushi/vec4 0, 0, 32; draw_string_vec4
    %concat/vec4; draw_string_vec4
    %pushi/vec4 0, 0, 32; draw_string_vec4
    %concat/vec4; draw_string_vec4
    %pushi/vec4 0, 0, 32; draw_string_vec4
    %concat/vec4; draw_string_vec4
    %pushi/vec4 0, 0, 32; draw_string_vec4
    %concat/vec4; draw_string_vec4
    %pushi/vec4 0, 0, 32; draw_string_vec4
    %concat/vec4; draw_string_vec4
    %pushi/vec4 0, 0, 32; draw_string_vec4
    %concat/vec4; draw_string_vec4
    %pushi/vec4 0, 0, 32; draw_string_vec4
    %concat/vec4; draw_string_vec4
    %pushi/vec4 0, 0, 32; draw_string_vec4
    %concat/vec4; draw_string_vec4
    %pushi/vec4 0, 0, 32; draw_string_vec4
    %concat/vec4; draw_string_vec4
    %pushi/vec4 0, 0, 32; draw_string_vec4
    %concat/vec4; draw_string_vec4
    %pushi/vec4 0, 0, 32; draw_string_vec4
    %concat/vec4; draw_string_vec4
    %pushi/vec4 0, 0, 32; draw_string_vec4
    %concat/vec4; draw_string_vec4
    %pushi/vec4 0, 0, 32; draw_string_vec4
    %concat/vec4; draw_string_vec4
    %pushi/vec4 0, 0, 32; draw_string_vec4
    %concat/vec4; draw_string_vec4
    %pushi/vec4 0, 0, 32; draw_string_vec4
    %concat/vec4; draw_string_vec4
    %pushi/vec4 0, 0, 32; draw_string_vec4
    %concat/vec4; draw_string_vec4
    %pushi/vec4 0, 0, 32; draw_string_vec4
    %concat/vec4; draw_string_vec4
    %pushi/vec4 0, 0, 32; draw_string_vec4
    %concat/vec4; draw_string_vec4
    %pushi/vec4 0, 0, 32; draw_string_vec4
    %concat/vec4; draw_string_vec4
    %pushi/vec4 0, 0, 32; draw_string_vec4
    %concat/vec4; draw_string_vec4
    %pushi/vec4 0, 0, 32; draw_string_vec4
    %concat/vec4; draw_string_vec4
    %pushi/vec4 0, 0, 32; draw_string_vec4
    %concat/vec4; draw_string_vec4
    %pushi/vec4 0, 0, 32; draw_string_vec4
    %concat/vec4; draw_string_vec4
    %pushi/vec4 0, 0, 32; draw_string_vec4
    %concat/vec4; draw_string_vec4
    %pushi/vec4 0, 0, 32; draw_string_vec4
    %concat/vec4; draw_string_vec4
    %pushi/vec4 0, 0, 32; draw_string_vec4
    %concat/vec4; draw_string_vec4
    %pushi/vec4 0, 0, 32; draw_string_vec4
    %concat/vec4; draw_string_vec4
    %pushi/vec4 0, 0, 32; draw_string_vec4
    %concat/vec4; draw_string_vec4
    %pushi/vec4 0, 0, 32; draw_string_vec4
    %concat/vec4; draw_string_vec4
    %pushi/vec4 0, 0, 32; draw_string_vec4
    %concat/vec4; draw_string_vec4
    %pushi/vec4 0, 0, 32; draw_string_vec4
    %concat/vec4; draw_string_vec4
    %pushi/vec4 0, 0, 32; draw_string_vec4
    %concat/vec4; draw_string_vec4
    %pushi/vec4 0, 0, 32; draw_string_vec4
    %concat/vec4; draw_string_vec4
    %pushi/vec4 0, 0, 32; draw_string_vec4
    %concat/vec4; draw_string_vec4
    %pushi/vec4 0, 0, 32; draw_string_vec4
    %concat/vec4; draw_string_vec4
    %pushi/vec4 0, 0, 32; draw_string_vec4
    %concat/vec4; draw_string_vec4
    %pushi/vec4 0, 0, 32; draw_string_vec4
    %concat/vec4; draw_string_vec4
    %pushi/vec4 0, 0, 32; draw_string_vec4
    %concat/vec4; draw_string_vec4
    %pushi/vec4 0, 0, 32; draw_string_vec4
    %concat/vec4; draw_string_vec4
    %pushi/vec4 0, 0, 32; draw_string_vec4
    %concat/vec4; draw_string_vec4
    %pushi/vec4 0, 0, 32; draw_string_vec4
    %concat/vec4; draw_string_vec4
    %pushi/vec4 0, 0, 32; draw_string_vec4
    %concat/vec4; draw_string_vec4
    %pushi/vec4 0, 0, 32; draw_string_vec4
    %concat/vec4; draw_string_vec4
    %pushi/vec4 0, 0, 32; draw_string_vec4
    %concat/vec4; draw_string_vec4
    %pushi/vec4 0, 0, 32; draw_string_vec4
    %concat/vec4; draw_string_vec4
    %pushi/vec4 0, 0, 32; draw_string_vec4
    %concat/vec4; draw_string_vec4
    %pushi/vec4 0, 0, 32; draw_string_vec4
    %concat/vec4; draw_string_vec4
    %pushi/vec4 0, 0, 32; draw_string_vec4
    %concat/vec4; draw_string_vec4
    %pushi/vec4 0, 0, 32; draw_string_vec4
    %concat/vec4; draw_string_vec4
    %pushi/vec4 0, 0, 32; draw_string_vec4
    %concat/vec4; draw_string_vec4
    %pushi/vec4 0, 0, 32; draw_string_vec4
    %concat/vec4; draw_string_vec4
    %pushi/vec4 0, 0, 32; draw_string_vec4
    %concat/vec4; draw_string_vec4
    %pushi/vec4 0, 0, 32; draw_string_vec4
    %concat/vec4; draw_string_vec4
    %pushi/vec4 0, 0, 32; draw_string_vec4
    %concat/vec4; draw_string_vec4
    %pushi/vec4 0, 0, 32; draw_string_vec4
    %concat/vec4; draw_string_vec4
    %pushi/vec4 0, 0, 32; draw_string_vec4
    %concat/vec4; draw_string_vec4
    %pushi/vec4 0, 0, 32; draw_string_vec4
    %concat/vec4; draw_string_vec4
    %pushi/vec4 0, 0, 32; draw_string_vec4
    %concat/vec4; draw_string_vec4
    %pushi/vec4 0, 0, 32; draw_string_vec4
    %concat/vec4; draw_string_vec4
    %pushi/vec4 0, 0, 32; draw_string_vec4
    %concat/vec4; draw_string_vec4
    %pushi/vec4 0, 0, 32; draw_string_vec4
    %concat/vec4; draw_string_vec4
    %cmp/e;
    %flag_mov 8, 4;
    %jmp/0 T_2.20, 8;
    %pushi/vec4 25465, 0, 32; draw_string_vec4
    %pushi/vec4 1668050798, 0, 32; draw_string_vec4
    %concat/vec4; draw_string_vec4
    %pushi/vec4 101, 0, 8; draw_string_vec4
    %concat/vec4; draw_string_vec4
    %jmp/1 T_2.21, 8;
T_2.20 ; End of true expr.
    %pushi/vec4 740320121, 0, 32; draw_string_vec4
    %pushi/vec4 1668050798, 0, 32; draw_string_vec4
    %concat/vec4; draw_string_vec4
    %pushi/vec4 101, 0, 8; draw_string_vec4
    %concat/vec4; draw_string_vec4
    %jmp/0 T_2.21, 8;
 ; End of false expr.
    %blend;
T_2.21;
    %vpi_call 2 45 "$sformat", v00000240180c9040_0, "%s%s", v00000240180c9040_0, S<0,vec4,u72> {1 0 0};
T_2.18 ;
    %load/vec4 v00000240180c6310_0;
    %flag_set/vec4 8;
    %jmp/0xz  T_2.22, 8;
    %load/vec4 v00000240180c9040_0;
    %pushi/vec4 0, 0, 32; draw_string_vec4
    %pushi/vec4 0, 0, 32; draw_string_vec4
    %concat/vec4; draw_string_vec4
    %pushi/vec4 0, 0, 32; draw_string_vec4
    %concat/vec4; draw_string_vec4
    %pushi/vec4 0, 0, 32; draw_string_vec4
    %concat/vec4; draw_string_vec4
    %pushi/vec4 0, 0, 32; draw_string_vec4
    %concat/vec4; draw_string_vec4
    %pushi/vec4 0, 0, 32; draw_string_vec4
    %concat/vec4; draw_string_vec4
    %pushi/vec4 0, 0, 32; draw_string_vec4
    %concat/vec4; draw_string_vec4
    %pushi/vec4 0, 0, 32; draw_string_vec4
    %concat/vec4; draw_string_vec4
    %pushi/vec4 0, 0, 32; draw_string_vec4
    %concat/vec4; draw_string_vec4
    %pushi/vec4 0, 0, 32; draw_string_vec4
    %concat/vec4; draw_string_vec4
    %pushi/vec4 0, 0, 32; draw_string_vec4
    %concat/vec4; draw_string_vec4
    %pushi/vec4 0, 0, 32; draw_string_vec4
    %concat/vec4; draw_string_vec4
    %pushi/vec4 0, 0, 32; draw_string_vec4
    %concat/vec4; draw_string_vec4
    %pushi/vec4 0, 0, 32; draw_string_vec4
    %concat/vec4; draw_string_vec4
    %pushi/vec4 0, 0, 32; draw_string_vec4
    %concat/vec4; draw_string_vec4
    %pushi/vec4 0, 0, 32; draw_string_vec4
    %concat/vec4; draw_string_vec4
    %pushi/vec4 0, 0, 32; draw_string_vec4
    %concat/vec4; draw_string_vec4
    %pushi/vec4 0, 0, 32; draw_string_vec4
    %concat/vec4; draw_string_vec4
    %pushi/vec4 0, 0, 32; draw_string_vec4
    %concat/vec4; draw_string_vec4
    %pushi/vec4 0, 0, 32; draw_string_vec4
    %concat/vec4; draw_string_vec4
    %pushi/vec4 0, 0, 32; draw_string_vec4
    %concat/vec4; draw_string_vec4
    %pushi/vec4 0, 0, 32; draw_string_vec4
    %concat/vec4; draw_string_vec4
    %pushi/vec4 0, 0, 32; draw_string_vec4
    %concat/vec4; draw_string_vec4
    %pushi/vec4 0, 0, 32; draw_string_vec4
    %concat/vec4; draw_string_vec4
    %pushi/vec4 0, 0, 32; draw_string_vec4
    %concat/vec4; draw_string_vec4
    %pushi/vec4 0, 0, 32; draw_string_vec4
    %concat/vec4; draw_string_vec4
    %pushi/vec4 0, 0, 32; draw_string_vec4
    %concat/vec4; draw_string_vec4
    %pushi/vec4 0, 0, 32; draw_string_vec4
    %concat/vec4; draw_string_vec4
    %pushi/vec4 0, 0, 32; draw_string_vec4
    %concat/vec4; draw_string_vec4
    %pushi/vec4 0, 0, 32; draw_string_vec4
    %concat/vec4; draw_string_vec4
    %pushi/vec4 0, 0, 32; draw_string_vec4
    %concat/vec4; draw_string_vec4
    %pushi/vec4 0, 0, 32; draw_string_vec4
    %concat/vec4; draw_string_vec4
    %pushi/vec4 0, 0, 32; draw_string_vec4
    %concat/vec4; draw_string_vec4
    %pushi/vec4 0, 0, 32; draw_string_vec4
    %concat/vec4; draw_string_vec4
    %pushi/vec4 0, 0, 32; draw_string_vec4
    %concat/vec4; draw_string_vec4
    %pushi/vec4 0, 0, 32; draw_string_vec4
    %concat/vec4; draw_string_vec4
    %pushi/vec4 0, 0, 32; draw_string_vec4
    %concat/vec4; draw_string_vec4
    %pushi/vec4 0, 0, 32; draw_string_vec4
    %concat/vec4; draw_string_vec4
    %pushi/vec4 0, 0, 32; draw_string_vec4
    %concat/vec4; draw_string_vec4
    %pushi/vec4 0, 0, 32; draw_string_vec4
    %concat/vec4; draw_string_vec4
    %pushi/vec4 0, 0, 32; draw_string_vec4
    %concat/vec4; draw_string_vec4
    %pushi/vec4 0, 0, 32; draw_string_vec4
    %concat/vec4; draw_string_vec4
    %pushi/vec4 0, 0, 32; draw_string_vec4
    %concat/vec4; draw_string_vec4
    %pushi/vec4 0, 0, 32; draw_string_vec4
    %concat/vec4; draw_string_vec4
    %pushi/vec4 0, 0, 32; draw_string_vec4
    %concat/vec4; draw_string_vec4
    %pushi/vec4 0, 0, 32; draw_string_vec4
    %concat/vec4; draw_string_vec4
    %pushi/vec4 0, 0, 32; draw_string_vec4
    %concat/vec4; draw_string_vec4
    %pushi/vec4 0, 0, 32; draw_string_vec4
    %concat/vec4; draw_string_vec4
    %pushi/vec4 0, 0, 32; draw_string_vec4
    %concat/vec4; draw_string_vec4
    %pushi/vec4 0, 0, 32; draw_string_vec4
    %concat/vec4; draw_string_vec4
    %pushi/vec4 0, 0, 32; draw_string_vec4
    %concat/vec4; draw_string_vec4
    %pushi/vec4 0, 0, 32; draw_string_vec4
    %concat/vec4; draw_string_vec4
    %pushi/vec4 0, 0, 32; draw_string_vec4
    %concat/vec4; draw_string_vec4
    %pushi/vec4 0, 0, 32; draw_string_vec4
    %concat/vec4; draw_string_vec4
    %pushi/vec4 0, 0, 32; draw_string_vec4
    %concat/vec4; draw_string_vec4
    %pushi/vec4 0, 0, 32; draw_string_vec4
    %concat/vec4; draw_string_vec4
    %pushi/vec4 0, 0, 32; draw_string_vec4
    %concat/vec4; draw_string_vec4
    %pushi/vec4 0, 0, 32; draw_string_vec4
    %concat/vec4; draw_string_vec4
    %pushi/vec4 0, 0, 32; draw_string_vec4
    %concat/vec4; draw_string_vec4
    %pushi/vec4 0, 0, 32; draw_string_vec4
    %concat/vec4; draw_string_vec4
    %pushi/vec4 0, 0, 32; draw_string_vec4
    %concat/vec4; draw_string_vec4
    %pushi/vec4 0, 0, 32; draw_string_vec4
    %concat/vec4; draw_string_vec4
    %pushi/vec4 0, 0, 32; draw_string_vec4
    %concat/vec4; draw_string_vec4
    %pushi/vec4 0, 0, 32; draw_string_vec4
    %concat/vec4; draw_string_vec4
    %cmp/e;
    %flag_mov 8, 4;
    %jmp/0 T_2.24, 8;
    %pushi/vec4 25953, 0, 32; draw_string_vec4
    %pushi/vec4 1920231537, 0, 32; draw_string_vec4
    %concat/vec4; draw_string_vec4
    %pushi/vec4 1969318757, 0, 32; draw_string_vec4
    %concat/vec4; draw_string_vec4
    %jmp/1 T_2.25, 8;
T_2.24 ; End of true expr.
    %pushi/vec4 740320609, 0, 32; draw_string_vec4
    %pushi/vec4 1920231537, 0, 32; draw_string_vec4
    %concat/vec4; draw_string_vec4
    %pushi/vec4 1969318757, 0, 32; draw_string_vec4
    %concat/vec4; draw_string_vec4
    %jmp/0 T_2.25, 8;
 ; End of false expr.
    %blend;
T_2.25;
    %vpi_call 2 46 "$sformat", v00000240180c9040_0, "%s%s", v00000240180c9040_0, S<0,vec4,u96> {1 0 0};
T_2.22 ;
    %load/vec4 v00000240180c9f40_0;
    %flag_set/vec4 8;
    %jmp/0xz  T_2.26, 8;
    %load/vec4 v00000240180c9040_0;
    %pushi/vec4 0, 0, 32; draw_string_vec4
    %pushi/vec4 0, 0, 32; draw_string_vec4
    %concat/vec4; draw_string_vec4
    %pushi/vec4 0, 0, 32; draw_string_vec4
    %concat/vec4; draw_string_vec4
    %pushi/vec4 0, 0, 32; draw_string_vec4
    %concat/vec4; draw_string_vec4
    %pushi/vec4 0, 0, 32; draw_string_vec4
    %concat/vec4; draw_string_vec4
    %pushi/vec4 0, 0, 32; draw_string_vec4
    %concat/vec4; draw_string_vec4
    %pushi/vec4 0, 0, 32; draw_string_vec4
    %concat/vec4; draw_string_vec4
    %pushi/vec4 0, 0, 32; draw_string_vec4
    %concat/vec4; draw_string_vec4
    %pushi/vec4 0, 0, 32; draw_string_vec4
    %concat/vec4; draw_string_vec4
    %pushi/vec4 0, 0, 32; draw_string_vec4
    %concat/vec4; draw_string_vec4
    %pushi/vec4 0, 0, 32; draw_string_vec4
    %concat/vec4; draw_string_vec4
    %pushi/vec4 0, 0, 32; draw_string_vec4
    %concat/vec4; draw_string_vec4
    %pushi/vec4 0, 0, 32; draw_string_vec4
    %concat/vec4; draw_string_vec4
    %pushi/vec4 0, 0, 32; draw_string_vec4
    %concat/vec4; draw_string_vec4
    %pushi/vec4 0, 0, 32; draw_string_vec4
    %concat/vec4; draw_string_vec4
    %pushi/vec4 0, 0, 32; draw_string_vec4
    %concat/vec4; draw_string_vec4
    %pushi/vec4 0, 0, 32; draw_string_vec4
    %concat/vec4; draw_string_vec4
    %pushi/vec4 0, 0, 32; draw_string_vec4
    %concat/vec4; draw_string_vec4
    %pushi/vec4 0, 0, 32; draw_string_vec4
    %concat/vec4; draw_string_vec4
    %pushi/vec4 0, 0, 32; draw_string_vec4
    %concat/vec4; draw_string_vec4
    %pushi/vec4 0, 0, 32; draw_string_vec4
    %concat/vec4; draw_string_vec4
    %pushi/vec4 0, 0, 32; draw_string_vec4
    %concat/vec4; draw_string_vec4
    %pushi/vec4 0, 0, 32; draw_string_vec4
    %concat/vec4; draw_string_vec4
    %pushi/vec4 0, 0, 32; draw_string_vec4
    %concat/vec4; draw_string_vec4
    %pushi/vec4 0, 0, 32; draw_string_vec4
    %concat/vec4; draw_string_vec4
    %pushi/vec4 0, 0, 32; draw_string_vec4
    %concat/vec4; draw_string_vec4
    %pushi/vec4 0, 0, 32; draw_string_vec4
    %concat/vec4; draw_string_vec4
    %pushi/vec4 0, 0, 32; draw_string_vec4
    %concat/vec4; draw_string_vec4
    %pushi/vec4 0, 0, 32; draw_string_vec4
    %concat/vec4; draw_string_vec4
    %pushi/vec4 0, 0, 32; draw_string_vec4
    %concat/vec4; draw_string_vec4
    %pushi/vec4 0, 0, 32; draw_string_vec4
    %concat/vec4; draw_string_vec4
    %pushi/vec4 0, 0, 32; draw_string_vec4
    %concat/vec4; draw_string_vec4
    %pushi/vec4 0, 0, 32; draw_string_vec4
    %concat/vec4; draw_string_vec4
    %pushi/vec4 0, 0, 32; draw_string_vec4
    %concat/vec4; draw_string_vec4
    %pushi/vec4 0, 0, 32; draw_string_vec4
    %concat/vec4; draw_string_vec4
    %pushi/vec4 0, 0, 32; draw_string_vec4
    %concat/vec4; draw_string_vec4
    %pushi/vec4 0, 0, 32; draw_string_vec4
    %concat/vec4; draw_string_vec4
    %pushi/vec4 0, 0, 32; draw_string_vec4
    %concat/vec4; draw_string_vec4
    %pushi/vec4 0, 0, 32; draw_string_vec4
    %concat/vec4; draw_string_vec4
    %pushi/vec4 0, 0, 32; draw_string_vec4
    %concat/vec4; draw_string_vec4
    %pushi/vec4 0, 0, 32; draw_string_vec4
    %concat/vec4; draw_string_vec4
    %pushi/vec4 0, 0, 32; draw_string_vec4
    %concat/vec4; draw_string_vec4
    %pushi/vec4 0, 0, 32; draw_string_vec4
    %concat/vec4; draw_string_vec4
    %pushi/vec4 0, 0, 32; draw_string_vec4
    %concat/vec4; draw_string_vec4
    %pushi/vec4 0, 0, 32; draw_string_vec4
    %concat/vec4; draw_string_vec4
    %pushi/vec4 0, 0, 32; draw_string_vec4
    %concat/vec4; draw_string_vec4
    %pushi/vec4 0, 0, 32; draw_string_vec4
    %concat/vec4; draw_string_vec4
    %pushi/vec4 0, 0, 32; draw_string_vec4
    %concat/vec4; draw_string_vec4
    %pushi/vec4 0, 0, 32; draw_string_vec4
    %concat/vec4; draw_string_vec4
    %pushi/vec4 0, 0, 32; draw_string_vec4
    %concat/vec4; draw_string_vec4
    %pushi/vec4 0, 0, 32; draw_string_vec4
    %concat/vec4; draw_string_vec4
    %pushi/vec4 0, 0, 32; draw_string_vec4
    %concat/vec4; draw_string_vec4
    %pushi/vec4 0, 0, 32; draw_string_vec4
    %concat/vec4; draw_string_vec4
    %pushi/vec4 0, 0, 32; draw_string_vec4
    %concat/vec4; draw_string_vec4
    %pushi/vec4 0, 0, 32; draw_string_vec4
    %concat/vec4; draw_string_vec4
    %pushi/vec4 0, 0, 32; draw_string_vec4
    %concat/vec4; draw_string_vec4
    %pushi/vec4 0, 0, 32; draw_string_vec4
    %concat/vec4; draw_string_vec4
    %pushi/vec4 0, 0, 32; draw_string_vec4
    %concat/vec4; draw_string_vec4
    %pushi/vec4 0, 0, 32; draw_string_vec4
    %concat/vec4; draw_string_vec4
    %pushi/vec4 0, 0, 32; draw_string_vec4
    %concat/vec4; draw_string_vec4
    %pushi/vec4 0, 0, 32; draw_string_vec4
    %concat/vec4; draw_string_vec4
    %pushi/vec4 0, 0, 32; draw_string_vec4
    %concat/vec4; draw_string_vec4
    %pushi/vec4 0, 0, 32; draw_string_vec4
    %concat/vec4; draw_string_vec4
    %pushi/vec4 0, 0, 32; draw_string_vec4
    %concat/vec4; draw_string_vec4
    %cmp/e;
    %flag_mov 8, 4;
    %jmp/0 T_2.28, 8;
    %pushi/vec4 29811, 0, 32; draw_string_vec4
    %pushi/vec4 1970168173, 0, 32; draw_string_vec4
    %concat/vec4; draw_string_vec4
    %pushi/vec4 105, 0, 8; draw_string_vec4
    %concat/vec4; draw_string_vec4
    %jmp/1 T_2.29, 8;
T_2.28 ; End of true expr.
    %pushi/vec4 740324467, 0, 32; draw_string_vec4
    %pushi/vec4 1970168173, 0, 32; draw_string_vec4
    %concat/vec4; draw_string_vec4
    %pushi/vec4 105, 0, 8; draw_string_vec4
    %concat/vec4; draw_string_vec4
    %jmp/0 T_2.29, 8;
 ; End of false expr.
    %blend;
T_2.29;
    %vpi_call 2 47 "$sformat", v00000240180c9040_0, "%s%s", v00000240180c9040_0, S<0,vec4,u72> {1 0 0};
T_2.26 ;
    %load/vec4 v00000240180c9040_0;
    %pushi/vec4 0, 0, 32; draw_string_vec4
    %pushi/vec4 0, 0, 32; draw_string_vec4
    %concat/vec4; draw_string_vec4
    %pushi/vec4 0, 0, 32; draw_string_vec4
    %concat/vec4; draw_string_vec4
    %pushi/vec4 0, 0, 32; draw_string_vec4
    %concat/vec4; draw_string_vec4
    %pushi/vec4 0, 0, 32; draw_string_vec4
    %concat/vec4; draw_string_vec4
    %pushi/vec4 0, 0, 32; draw_string_vec4
    %concat/vec4; draw_string_vec4
    %pushi/vec4 0, 0, 32; draw_string_vec4
    %concat/vec4; draw_string_vec4
    %pushi/vec4 0, 0, 32; draw_string_vec4
    %concat/vec4; draw_string_vec4
    %pushi/vec4 0, 0, 32; draw_string_vec4
    %concat/vec4; draw_string_vec4
    %pushi/vec4 0, 0, 32; draw_string_vec4
    %concat/vec4; draw_string_vec4
    %pushi/vec4 0, 0, 32; draw_string_vec4
    %concat/vec4; draw_string_vec4
    %pushi/vec4 0, 0, 32; draw_string_vec4
    %concat/vec4; draw_string_vec4
    %pushi/vec4 0, 0, 32; draw_string_vec4
    %concat/vec4; draw_string_vec4
    %pushi/vec4 0, 0, 32; draw_string_vec4
    %concat/vec4; draw_string_vec4
    %pushi/vec4 0, 0, 32; draw_string_vec4
    %concat/vec4; draw_string_vec4
    %pushi/vec4 0, 0, 32; draw_string_vec4
    %concat/vec4; draw_string_vec4
    %pushi/vec4 0, 0, 32; draw_string_vec4
    %concat/vec4; draw_string_vec4
    %pushi/vec4 0, 0, 32; draw_string_vec4
    %concat/vec4; draw_string_vec4
    %pushi/vec4 0, 0, 32; draw_string_vec4
    %concat/vec4; draw_string_vec4
    %pushi/vec4 0, 0, 32; draw_string_vec4
    %concat/vec4; draw_string_vec4
    %pushi/vec4 0, 0, 32; draw_string_vec4
    %concat/vec4; draw_string_vec4
    %pushi/vec4 0, 0, 32; draw_string_vec4
    %concat/vec4; draw_string_vec4
    %pushi/vec4 0, 0, 32; draw_string_vec4
    %concat/vec4; draw_string_vec4
    %pushi/vec4 0, 0, 32; draw_string_vec4
    %concat/vec4; draw_string_vec4
    %pushi/vec4 0, 0, 32; draw_string_vec4
    %concat/vec4; draw_string_vec4
    %pushi/vec4 0, 0, 32; draw_string_vec4
    %concat/vec4; draw_string_vec4
    %pushi/vec4 0, 0, 32; draw_string_vec4
    %concat/vec4; draw_string_vec4
    %pushi/vec4 0, 0, 32; draw_string_vec4
    %concat/vec4; draw_string_vec4
    %pushi/vec4 0, 0, 32; draw_string_vec4
    %concat/vec4; draw_string_vec4
    %pushi/vec4 0, 0, 32; draw_string_vec4
    %concat/vec4; draw_string_vec4
    %pushi/vec4 0, 0, 32; draw_string_vec4
    %concat/vec4; draw_string_vec4
    %pushi/vec4 0, 0, 32; draw_string_vec4
    %concat/vec4; draw_string_vec4
    %pushi/vec4 0, 0, 32; draw_string_vec4
    %concat/vec4; draw_string_vec4
    %pushi/vec4 0, 0, 32; draw_string_vec4
    %concat/vec4; draw_string_vec4
    %pushi/vec4 0, 0, 32; draw_string_vec4
    %concat/vec4; draw_string_vec4
    %pushi/vec4 0, 0, 32; draw_string_vec4
    %concat/vec4; draw_string_vec4
    %pushi/vec4 0, 0, 32; draw_string_vec4
    %concat/vec4; draw_string_vec4
    %pushi/vec4 0, 0, 32; draw_string_vec4
    %concat/vec4; draw_string_vec4
    %pushi/vec4 0, 0, 32; draw_string_vec4
    %concat/vec4; draw_string_vec4
    %pushi/vec4 0, 0, 32; draw_string_vec4
    %concat/vec4; draw_string_vec4
    %pushi/vec4 0, 0, 32; draw_string_vec4
    %concat/vec4; draw_string_vec4
    %pushi/vec4 0, 0, 32; draw_string_vec4
    %concat/vec4; draw_string_vec4
    %pushi/vec4 0, 0, 32; draw_string_vec4
    %concat/vec4; draw_string_vec4
    %pushi/vec4 0, 0, 32; draw_string_vec4
    %concat/vec4; draw_string_vec4
    %pushi/vec4 0, 0, 32; draw_string_vec4
    %concat/vec4; draw_string_vec4
    %pushi/vec4 0, 0, 32; draw_string_vec4
    %concat/vec4; draw_string_vec4
    %pushi/vec4 0, 0, 32; draw_string_vec4
    %concat/vec4; draw_string_vec4
    %pushi/vec4 0, 0, 32; draw_string_vec4
    %concat/vec4; draw_string_vec4
    %pushi/vec4 0, 0, 32; draw_string_vec4
    %concat/vec4; draw_string_vec4
    %pushi/vec4 0, 0, 32; draw_string_vec4
    %concat/vec4; draw_string_vec4
    %pushi/vec4 0, 0, 32; draw_string_vec4
    %concat/vec4; draw_string_vec4
    %pushi/vec4 0, 0, 32; draw_string_vec4
    %concat/vec4; draw_string_vec4
    %pushi/vec4 0, 0, 32; draw_string_vec4
    %concat/vec4; draw_string_vec4
    %pushi/vec4 0, 0, 32; draw_string_vec4
    %concat/vec4; draw_string_vec4
    %pushi/vec4 0, 0, 32; draw_string_vec4
    %concat/vec4; draw_string_vec4
    %pushi/vec4 0, 0, 32; draw_string_vec4
    %concat/vec4; draw_string_vec4
    %pushi/vec4 0, 0, 32; draw_string_vec4
    %concat/vec4; draw_string_vec4
    %pushi/vec4 0, 0, 32; draw_string_vec4
    %concat/vec4; draw_string_vec4
    %pushi/vec4 0, 0, 32; draw_string_vec4
    %concat/vec4; draw_string_vec4
    %pushi/vec4 0, 0, 32; draw_string_vec4
    %concat/vec4; draw_string_vec4
    %pushi/vec4 0, 0, 32; draw_string_vec4
    %concat/vec4; draw_string_vec4
    %pushi/vec4 0, 0, 32; draw_string_vec4
    %concat/vec4; draw_string_vec4
    %pushi/vec4 0, 0, 32; draw_string_vec4
    %concat/vec4; draw_string_vec4
    %pushi/vec4 0, 0, 32; draw_string_vec4
    %concat/vec4; draw_string_vec4
    %cmp/e;
    %jmp/0xz  T_2.30, 4;
    %pushi/vec4 0, 0, 32; draw_string_vec4
    %pushi/vec4 0, 0, 32; draw_string_vec4
    %concat/vec4; draw_string_vec4
    %pushi/vec4 0, 0, 32; draw_string_vec4
    %concat/vec4; draw_string_vec4
    %pushi/vec4 0, 0, 32; draw_string_vec4
    %concat/vec4; draw_string_vec4
    %pushi/vec4 0, 0, 32; draw_string_vec4
    %concat/vec4; draw_string_vec4
    %pushi/vec4 0, 0, 32; draw_string_vec4
    %concat/vec4; draw_string_vec4
    %pushi/vec4 0, 0, 32; draw_string_vec4
    %concat/vec4; draw_string_vec4
    %pushi/vec4 0, 0, 32; draw_string_vec4
    %concat/vec4; draw_string_vec4
    %pushi/vec4 0, 0, 32; draw_string_vec4
    %concat/vec4; draw_string_vec4
    %pushi/vec4 0, 0, 32; draw_string_vec4
    %concat/vec4; draw_string_vec4
    %pushi/vec4 0, 0, 32; draw_string_vec4
    %concat/vec4; draw_string_vec4
    %pushi/vec4 0, 0, 32; draw_string_vec4
    %concat/vec4; draw_string_vec4
    %pushi/vec4 0, 0, 32; draw_string_vec4
    %concat/vec4; draw_string_vec4
    %pushi/vec4 0, 0, 32; draw_string_vec4
    %concat/vec4; draw_string_vec4
    %pushi/vec4 0, 0, 32; draw_string_vec4
    %concat/vec4; draw_string_vec4
    %pushi/vec4 0, 0, 32; draw_string_vec4
    %concat/vec4; draw_string_vec4
    %pushi/vec4 0, 0, 32; draw_string_vec4
    %concat/vec4; draw_string_vec4
    %pushi/vec4 0, 0, 32; draw_string_vec4
    %concat/vec4; draw_string_vec4
    %pushi/vec4 0, 0, 32; draw_string_vec4
    %concat/vec4; draw_string_vec4
    %pushi/vec4 0, 0, 32; draw_string_vec4
    %concat/vec4; draw_string_vec4
    %pushi/vec4 0, 0, 32; draw_string_vec4
    %concat/vec4; draw_string_vec4
    %pushi/vec4 0, 0, 32; draw_string_vec4
    %concat/vec4; draw_string_vec4
    %pushi/vec4 0, 0, 32; draw_string_vec4
    %concat/vec4; draw_string_vec4
    %pushi/vec4 0, 0, 32; draw_string_vec4
    %concat/vec4; draw_string_vec4
    %pushi/vec4 0, 0, 32; draw_string_vec4
    %concat/vec4; draw_string_vec4
    %pushi/vec4 0, 0, 32; draw_string_vec4
    %concat/vec4; draw_string_vec4
    %pushi/vec4 0, 0, 32; draw_string_vec4
    %concat/vec4; draw_string_vec4
    %pushi/vec4 0, 0, 32; draw_string_vec4
    %concat/vec4; draw_string_vec4
    %pushi/vec4 0, 0, 32; draw_string_vec4
    %concat/vec4; draw_string_vec4
    %pushi/vec4 0, 0, 32; draw_string_vec4
    %concat/vec4; draw_string_vec4
    %pushi/vec4 0, 0, 32; draw_string_vec4
    %concat/vec4; draw_string_vec4
    %pushi/vec4 0, 0, 32; draw_string_vec4
    %concat/vec4; draw_string_vec4
    %pushi/vec4 0, 0, 32; draw_string_vec4
    %concat/vec4; draw_string_vec4
    %pushi/vec4 0, 0, 32; draw_string_vec4
    %concat/vec4; draw_string_vec4
    %pushi/vec4 0, 0, 32; draw_string_vec4
    %concat/vec4; draw_string_vec4
    %pushi/vec4 0, 0, 32; draw_string_vec4
    %concat/vec4; draw_string_vec4
    %pushi/vec4 0, 0, 32; draw_string_vec4
    %concat/vec4; draw_string_vec4
    %pushi/vec4 0, 0, 32; draw_string_vec4
    %concat/vec4; draw_string_vec4
    %pushi/vec4 0, 0, 32; draw_string_vec4
    %concat/vec4; draw_string_vec4
    %pushi/vec4 0, 0, 32; draw_string_vec4
    %concat/vec4; draw_string_vec4
    %pushi/vec4 0, 0, 32; draw_string_vec4
    %concat/vec4; draw_string_vec4
    %pushi/vec4 0, 0, 32; draw_string_vec4
    %concat/vec4; draw_string_vec4
    %pushi/vec4 0, 0, 32; draw_string_vec4
    %concat/vec4; draw_string_vec4
    %pushi/vec4 0, 0, 32; draw_string_vec4
    %concat/vec4; draw_string_vec4
    %pushi/vec4 0, 0, 32; draw_string_vec4
    %concat/vec4; draw_string_vec4
    %pushi/vec4 0, 0, 32; draw_string_vec4
    %concat/vec4; draw_string_vec4
    %pushi/vec4 0, 0, 32; draw_string_vec4
    %concat/vec4; draw_string_vec4
    %pushi/vec4 0, 0, 32; draw_string_vec4
    %concat/vec4; draw_string_vec4
    %pushi/vec4 0, 0, 32; draw_string_vec4
    %concat/vec4; draw_string_vec4
    %pushi/vec4 0, 0, 32; draw_string_vec4
    %concat/vec4; draw_string_vec4
    %pushi/vec4 0, 0, 32; draw_string_vec4
    %concat/vec4; draw_string_vec4
    %pushi/vec4 0, 0, 32; draw_string_vec4
    %concat/vec4; draw_string_vec4
    %pushi/vec4 0, 0, 32; draw_string_vec4
    %concat/vec4; draw_string_vec4
    %pushi/vec4 0, 0, 32; draw_string_vec4
    %concat/vec4; draw_string_vec4
    %pushi/vec4 0, 0, 32; draw_string_vec4
    %concat/vec4; draw_string_vec4
    %pushi/vec4 0, 0, 32; draw_string_vec4
    %concat/vec4; draw_string_vec4
    %pushi/vec4 0, 0, 32; draw_string_vec4
    %concat/vec4; draw_string_vec4
    %pushi/vec4 0, 0, 32; draw_string_vec4
    %concat/vec4; draw_string_vec4
    %pushi/vec4 0, 0, 32; draw_string_vec4
    %concat/vec4; draw_string_vec4
    %pushi/vec4 0, 0, 32; draw_string_vec4
    %concat/vec4; draw_string_vec4
    %pushi/vec4 0, 0, 32; draw_string_vec4
    %concat/vec4; draw_string_vec4
    %pushi/vec4 0, 0, 32; draw_string_vec4
    %concat/vec4; draw_string_vec4
    %pushi/vec4 0, 0, 32; draw_string_vec4
    %concat/vec4; draw_string_vec4
    %pushi/vec4 1852796517, 0, 32; draw_string_vec4
    %concat/vec4; draw_string_vec4
    %store/vec4 v00000240180c9040_0, 0, 2048;
T_2.30 ;
T_2.5 ;
    %load/vec4 v00000240180c66d0_0;
    %pad/u 32;
    %load/vec4 v00000240180c7d50_0;
    %pad/u 32;
    %add;
    %load/vec4 v00000240180c6310_0;
    %pad/u 32;
    %add;
    %load/vec4 v00000240180c9f40_0;
    %pad/u 32;
    %add;
    %store/vec4 v00000240180c7b70_0, 0, 32;
    %load/vec4 v00000240180c9e00_0;
    %load/vec4 v00000240180c7b70_0;
    %cmp/s;
    %jmp/0xz  T_2.32, 5;
    %load/vec4 v00000240180c7b70_0;
    %store/vec4 v00000240180c9e00_0, 0, 32;
    %load/vec4 v00000240180c69f0_0;
    %parti/s 8, 0, 2;
    %store/vec4 v00000240180c9d60_0, 0, 8;
T_2.32 ;
    %vpi_call 2 55 "$display", "%4d |  %b    |  %b%b   |  %b%b   |  %b%b   |  %b%b   | %-60s", v00000240180c8fa0_0, v00000240180c8820_0, v00000240180c88c0_0, v00000240180c8780_0, v00000240180c9540_0, v00000240180c8e60_0, v00000240180c90e0_0, v00000240180c9ea0_0, v00000240180c6d10_0, v00000240180c6c70_0, v00000240180c9040_0 {0 0 0};
    %load/vec4 v00000240180c69f0_0;
    %addi 1, 0, 32;
    %store/vec4 v00000240180c69f0_0, 0, 32;
    %jmp T_2.2;
T_2.3 ;
    %load/vec4 v00000240180c8f00_0;
    %addi 1, 0, 32;
    %store/vec4 v00000240180c8f00_0, 0, 32;
    %jmp T_2.0;
T_2.1 ;
    %delay 5000, 0;
    %vpi_call 2 60 "$display", "\000" {0 0 0};
    %vpi_call 2 61 "$display", "=== SUMMARY ===" {0 0 0};
    %vpi_call 2 62 "$display", "Total vectors printed : %0d", v00000240180c8fa0_0 {0 0 0};
    %vpi_call 2 63 "$display", "Maximum simultaneous disasters observed : %0d", v00000240180c9e00_0 {0 0 0};
    %load/vec4 v00000240180c9d60_0;
    %cmpi/ne 255, 0, 8;
    %jmp/0xz  T_2.34, 4;
    %vpi_call 2 65 "$display", "First vector with max disasters: i=%0d  (r1r0=%b, s1s0=%b, w1w0=%b, l1l0=%b)", v00000240180c9d60_0, &PV<v00000240180c9d60_0, 7, 1>, &PV<v00000240180c9d60_0, 6, 1>, &PV<v00000240180c9d60_0, 5, 1>, &PV<v00000240180c9d60_0, 4, 1>, &PV<v00000240180c9d60_0, 3, 1>, &PV<v00000240180c9d60_0, 2, 1>, &PV<v00000240180c9d60_0, 1, 1>, &PV<v00000240180c9d60_0, 0, 1> {0 0 0};
T_2.34 ;
    %vpi_call 2 71 "$finish" {0 0 0};
    %end;
    .thread T_2;
# The file index is used to find the file name in the following table.
:file_names 6;
    "N/A";
    "<interactive>";
    "test_bench.v";
    "behavioural.v";
    "data-flow.v";
    "gate_level.v";
